TN:
SF:src/i18n.ts
FN:58,(anonymous_1)
FNF:1
FNH:0
FNDA:0,(anonymous_1)
DA:6,0
DA:9,0
DA:10,0
DA:13,0
DA:59,0
DA:63,0
LF:6
LH:0
BRDA:9,0,0,0
BRF:1
BRH:0
end_of_record
TN:
SF:src/api/client.ts
FN:59,(anonymous_8)
FN:81,(anonymous_9)
FN:111,(anonymous_11)
FN:116,(anonymous_12)
FN:122,(anonymous_13)
FN:144,(anonymous_15)
FN:151,(anonymous_16)
FN:154,(anonymous_17)
FN:163,(anonymous_18)
FN:167,(anonymous_19)
FN:174,(anonymous_20)
FN:186,(anonymous_21)
FN:187,(anonymous_22)
FN:192,(anonymous_23)
FN:196,(anonymous_25)
FN:199,(anonymous_26)
FN:204,(anonymous_27)
FN:209,(anonymous_29)
FN:214,(anonymous_31)
FN:219,(anonymous_33)
FN:224,(anonymous_35)
FN:235,(anonymous_37)
FN:245,(anonymous_38)
FN:249,(anonymous_39)
FN:259,(anonymous_40)
FNF:25
FNH:0
FNDA:0,(anonymous_8)
FNDA:0,(anonymous_9)
FNDA:0,(anonymous_11)
FNDA:0,(anonymous_12)
FNDA:0,(anonymous_13)
FNDA:0,(anonymous_15)
FNDA:0,(anonymous_16)
FNDA:0,(anonymous_17)
FNDA:0,(anonymous_18)
FNDA:0,(anonymous_19)
FNDA:0,(anonymous_20)
FNDA:0,(anonymous_21)
FNDA:0,(anonymous_22)
FNDA:0,(anonymous_23)
FNDA:0,(anonymous_25)
FNDA:0,(anonymous_26)
FNDA:0,(anonymous_27)
FNDA:0,(anonymous_29)
FNDA:0,(anonymous_31)
FNDA:0,(anonymous_33)
FNDA:0,(anonymous_35)
FNDA:0,(anonymous_37)
FNDA:0,(anonymous_38)
FNDA:0,(anonymous_39)
FNDA:0,(anonymous_40)
DA:4,0
DA:11,0
DA:15,0
DA:56,0
DA:57,0
DA:60,0
DA:69,0
DA:74,0
DA:84,0
DA:86,0
DA:89,0
DA:90,0
DA:91,0
DA:93,0
DA:94,0
DA:95,0
DA:99,0
DA:103,0
DA:104,0
DA:105,0
DA:108,0
DA:112,0
DA:113,0
DA:117,0
DA:118,0
DA:119,0
DA:123,0
DA:124,0
DA:127,0
DA:128,0
DA:129,0
DA:130,0
DA:132,0
DA:133,0
DA:134,0
DA:135,0
DA:136,0
DA:140,0
DA:145,0
DA:151,0
DA:156,0
DA:157,0
DA:160,0
DA:164,0
DA:168,0
DA:169,0
DA:170,0
DA:171,0
DA:175,0
DA:176,0
DA:177,0
DA:187,0
DA:193,0
DA:194,0
DA:196,0
DA:197,0
DA:198,0
DA:199,0
DA:201,0
DA:205,0
DA:206,0
DA:210,0
DA:211,0
DA:215,0
DA:216,0
DA:220,0
DA:221,0
DA:230,0
DA:231,0
DA:232,0
DA:236,0
DA:237,0
DA:241,0
DA:242,0
DA:246,0
DA:250,0
DA:255,0
DA:256,0
DA:259,0
LF:79
LH:0
BRDA:15,0,0,0
BRDA:15,0,1,0
BRDA:15,0,2,0
BRDA:84,1,0,0
BRDA:84,2,0,0
BRDA:84,2,1,0
BRDA:84,3,0,0
BRDA:84,3,1,0
BRDA:91,4,0,0
BRDA:91,4,1,0
BRDA:91,5,0,0
BRDA:91,5,1,0
BRDA:91,6,0,0
BRDA:91,6,1,0
BRDA:91,7,0,0
BRDA:91,7,1,0
BRDA:91,8,0,0
BRDA:91,8,1,0
BRDA:91,9,0,0
BRDA:91,9,1,0
BRDA:93,10,0,0
BRDA:94,11,0,0
BRDA:94,11,1,0
BRDA:103,12,0,0
BRDA:103,12,1,0
BRDA:104,13,0,0
BRDA:118,14,0,0
BRDA:124,15,0,0
BRDA:127,16,0,0
BRDA:129,17,0,0
BRDA:129,17,1,0
BRDA:130,18,0,0
BRDA:130,18,1,0
BRDA:130,19,0,0
BRDA:130,19,1,0
BRDA:132,20,0,0
BRDA:156,21,0,0
BRDA:156,22,0,0
BRDA:156,22,1,0
BRDA:164,23,0,0
BRDA:164,23,1,0
BRDA:164,24,0,0
BRDA:164,24,1,0
BRDA:164,25,0,0
BRDA:164,25,1,0
BRDA:168,26,0,0
BRDA:169,27,0,0
BRDA:171,28,0,0
BRDA:171,28,1,0
BRDA:175,29,0,0
BRDA:175,29,1,0
BRDA:175,30,0,0
BRDA:175,30,1,0
BRDA:175,31,0,0
BRDA:175,31,1,0
BRDA:175,32,0,0
BRDA:175,32,1,0
BRDA:176,33,0,0
BRDA:176,33,1,0
BRDA:176,34,0,0
BRDA:176,34,1,0
BRDA:178,35,0,0
BRDA:178,35,1,0
BRDA:178,35,2,0
BRDA:178,36,0,0
BRDA:178,36,1,0
BRDA:178,37,0,0
BRDA:178,37,1,0
BRDA:179,38,0,0
BRDA:179,38,1,0
BRDA:179,38,2,0
BRDA:179,39,0,0
BRDA:179,39,1,0
BRDA:179,40,0,0
BRDA:179,40,1,0
BRDA:181,41,0,0
BRDA:181,41,1,0
BRDA:194,42,0,0
BRDA:194,43,0,0
BRDA:194,43,1,0
BRDA:194,44,0,0
BRDA:194,44,1,0
BRDA:194,45,0,0
BRDA:194,45,1,0
BRDA:197,46,0,0
BRDA:197,47,0,0
BRDA:197,47,1,0
BRDA:197,48,0,0
BRDA:197,48,1,0
BRDA:234,49,0,0
BRDA:234,49,1,0
BRDA:234,50,0,0
BRDA:234,50,1,0
BRDA:234,51,0,0
BRDA:234,51,1,0
BRDA:236,52,0,0
BRDA:236,53,0,0
BRDA:236,53,1,0
BRF:98
BRH:0
end_of_record
TN:
SF:src/auth/AmplifyConfig.ts
FN:22,(anonymous_16)
FN:23,(anonymous_17)
FN:69,(anonymous_18)
FN:69,(anonymous_19)
FN:71,(anonymous_20)
FN:90,(anonymous_21)
FN:112,(anonymous_22)
FN:126,(anonymous_23)
FN:127,(anonymous_24)
FN:128,(anonymous_25)
FN:133,(anonymous_26)
FNF:11
FNH:0
FNDA:0,(anonymous_16)
FNDA:0,(anonymous_17)
FNDA:0,(anonymous_18)
FNDA:0,(anonymous_19)
FNDA:0,(anonymous_20)
FNDA:0,(anonymous_21)
FNDA:0,(anonymous_22)
FNDA:0,(anonymous_23)
FNDA:0,(anonymous_24)
FNDA:0,(anonymous_25)
FNDA:0,(anonymous_26)
DA:9,0
DA:12,0
DA:21,0
DA:22,0
DA:23,0
DA:25,0
DA:26,0
DA:33,0
DA:69,0
DA:70,0
DA:71,0
DA:72,0
DA:73,0
DA:77,0
DA:78,0
DA:90,0
DA:91,0
DA:92,0
DA:94,0
DA:95,0
DA:96,0
DA:103,0
DA:104,0
DA:112,0
DA:113,0
DA:126,0
DA:127,0
DA:128,0
DA:133,0
DA:141,0
DA:142,0
LF:31
LH:0
BRDA:17,0,0,0
BRDA:17,0,1,0
BRDA:25,1,0,0
BRDA:46,2,0,0
BRDA:46,2,1,0
BRDA:94,3,0,0
BRDA:136,4,0,0
BRDA:136,4,1,0
BRDA:137,5,0,0
BRDA:137,5,1,0
BRF:10
BRH:0
end_of_record
TN:
SF:src/components/analytics/index.ts
FN:5,(anonymous_0)
FN:6,(anonymous_1)
FN:7,(anonymous_2)
FN:8,(anonymous_3)
FN:9,(anonymous_4)
FN:9,(anonymous_5)
FN:10,(anonymous_6)
FN:11,(anonymous_7)
FN:14,(anonymous_8)
FN:15,(anonymous_9)
FN:16,(anonymous_10)
FNF:11
FNH:0
FNDA:0,(anonymous_0)
FNDA:0,(anonymous_1)
FNDA:0,(anonymous_2)
FNDA:0,(anonymous_3)
FNDA:0,(anonymous_4)
FNDA:0,(anonymous_5)
FNDA:0,(anonymous_6)
FNDA:0,(anonymous_7)
FNDA:0,(anonymous_8)
FNDA:0,(anonymous_9)
FNDA:0,(anonymous_10)
DA:5,0
DA:6,0
DA:7,0
DA:8,0
DA:9,0
DA:10,0
DA:11,0
DA:14,0
DA:15,0
DA:16,0
LF:10
LH:0
BRF:0
BRH:0
end_of_record
TN:
SF:src/components/header/navigationUtils.ts
FN:6,(anonymous_0)
FN:12,(anonymous_1)
FN:18,(anonymous_2)
FN:24,(anonymous_3)
FN:32,(anonymous_4)
FN:45,(anonymous_5)
FN:53,(anonymous_6)
FNF:7
FNH:0
FNDA:0,(anonymous_0)
FNDA:0,(anonymous_1)
FNDA:0,(anonymous_2)
FNDA:0,(anonymous_3)
FNDA:0,(anonymous_4)
FNDA:0,(anonymous_5)
FNDA:0,(anonymous_6)
DA:2,0
DA:3,0
DA:4,0
DA:6,0
DA:7,0
DA:8,0
DA:9,0
DA:12,0
DA:13,0
DA:14,0
DA:18,0
DA:19,0
DA:20,0
DA:24,0
DA:25,0
DA:26,0
DA:29,0
DA:32,0
DA:33,0
DA:36,0
DA:38,0
DA:41,0
DA:45,0
DA:46,0
DA:47,0
DA:48,0
DA:50,0
DA:53,0
DA:54,0
DA:57,0
DA:59,0
DA:60,0
DA:61,0
DA:65,0
DA:67,0
DA:68,0
DA:77,0
DA:87,0
DA:88,0
DA:93,0
LF:40
LH:0
BRDA:13,0,0,0
BRDA:13,0,1,0
BRDA:26,1,0,0
BRDA:26,2,0,0
BRDA:26,2,1,0
BRDA:33,3,0,0
BRDA:33,3,1,0
BRDA:36,4,0,0
BRDA:38,5,0,0
BRDA:38,5,1,0
BRDA:46,6,0,0
BRDA:46,6,1,0
BRDA:57,7,0,0
BRDA:57,7,1,0
BRDA:60,8,0,0
BRDA:67,9,0,0
BRDA:67,9,1,0
BRDA:87,10,0,0
BRF:18
BRH:0
end_of_record
TN:
SF:src/components/invisible/index.ts
FN:1,(anonymous_0)
FN:2,(anonymous_1)
FN:3,(anonymous_2)
FN:4,(anonymous_3)
FN:5,(anonymous_4)
FNF:5
FNH:0
FNDA:0,(anonymous_0)
FNDA:0,(anonymous_1)
FNDA:0,(anonymous_2)
FNDA:0,(anonymous_3)
FNDA:0,(anonymous_4)
DA:1,0
DA:2,0
DA:3,0
DA:4,0
DA:5,0
LF:5
LH:0
BRF:0
BRH:0
end_of_record
TN:
SF:src/components/navigation/NavigationConfig.ts
FN:134,(anonymous_0)
FN:135,(anonymous_1)
FN:140,(anonymous_2)
FN:142,(anonymous_3)
FN:149,(anonymous_4)
FN:157,(anonymous_5)
FN:159,(anonymous_6)
FN:160,(anonymous_7)
FN:168,(anonymous_8)
FN:173,(anonymous_9)
FNF:10
FNH:0
FNDA:0,(anonymous_0)
FNDA:0,(anonymous_1)
FNDA:0,(anonymous_2)
FNDA:0,(anonymous_3)
FNDA:0,(anonymous_4)
FNDA:0,(anonymous_5)
FNDA:0,(anonymous_6)
FNDA:0,(anonymous_7)
FNDA:0,(anonymous_8)
FNDA:0,(anonymous_9)
DA:26,0
DA:27,0
DA:41,0
DA:134,0
DA:135,0
DA:136,0
DA:140,0
DA:141,0
DA:143,0
DA:144,0
DA:145,0
DA:147,0
DA:149,0
DA:157,0
DA:158,0
DA:159,0
DA:160,0
DA:168,0
DA:169,0
DA:171,0
DA:173,0
DA:174,0
DA:175,0
DA:176,0
DA:178,0
DA:179,0
DA:180,0
DA:184,0
DA:185,0
DA:186,0
DA:190,0
DA:191,0
DA:192,0
DA:193,0
DA:195,0
DA:199,0
LF:36
LH:0
BRDA:26,0,0,0
BRDA:136,1,0,0
BRDA:136,1,1,0
BRDA:136,1,2,0
BRDA:136,2,0,0
BRDA:136,2,1,0
BRDA:136,3,0,0
BRDA:136,3,1,0
BRDA:136,4,0,0
BRDA:136,4,1,0
BRDA:136,5,0,0
BRDA:136,5,1,0
BRDA:136,6,0,0
BRDA:136,6,1,0
BRDA:136,7,0,0
BRDA:136,7,1,0
BRDA:140,8,0,0
BRDA:140,9,0,0
BRDA:143,10,0,0
BRDA:144,11,0,0
BRDA:144,12,0,0
BRDA:144,12,1,0
BRDA:145,13,0,0
BRDA:145,13,1,0
BRDA:151,14,0,0
BRDA:151,14,1,0
BRDA:151,15,0,0
BRDA:151,15,1,0
BRDA:151,16,0,0
BRDA:151,16,1,0
BRDA:157,17,0,0
BRDA:162,18,0,0
BRDA:162,18,1,0
BRDA:162,19,0,0
BRDA:162,19,1,0
BRDA:162,20,0,0
BRDA:162,20,1,0
BRDA:169,21,0,0
BRDA:174,22,0,0
BRDA:175,23,0,0
BRDA:176,24,0,0
BRDA:176,25,0,0
BRDA:176,25,1,0
BRDA:178,26,0,0
BRDA:179,27,0,0
BRDA:180,28,0,0
BRDA:184,29,0,0
BRDA:190,30,0,0
BRF:48
BRH:0
end_of_record
TN:
SF:src/components/onboarding/KpiPortfolio.ts
FNF:0
FNH:0
DA:11,0
LF:1
LH:0
BRF:0
BRH:0
end_of_record
TN:
SF:src/components/ui/aspect-ratio.tsx
FNF:0
FNH:0
DA:1,0
DA:3,0
DA:5,0
LF:3
LH:0
BRF:0
BRH:0
end_of_record
TN:
SF:src/components/ui/collapsible.tsx
FNF:0
FNH:0
DA:1,0
DA:3,0
DA:5,0
DA:7,0
DA:9,0
LF:5
LH:0
BRF:0
BRH:0
end_of_record
TN:
SF:src/components/ui/use-toast.ts
FN:3,(anonymous_0)
FN:3,(anonymous_1)
FNF:2
FNH:0
FNDA:0,(anonymous_0)
FNDA:0,(anonymous_1)
DA:1,0
DA:3,0
LF:2
LH:0
BRF:0
BRH:0
end_of_record
TN:
SF:src/components/ui/upload/index.ts
FN:6,(anonymous_0)
FN:7,(anonymous_1)
FN:11,(anonymous_2)
FN:12,(anonymous_3)
FN:13,(anonymous_4)
FN:21,(anonymous_5)
FN:22,(anonymous_6)
FN:23,(anonymous_7)
FN:24,(anonymous_8)
FN:35,(anonymous_9)
FN:41,(anonymous_10)
FN:42,(anonymous_11)
FN:43,(anonymous_12)
FN:44,(anonymous_13)
FN:45,(anonymous_14)
FN:49,(anonymous_15)
FN:50,(anonymous_16)
FN:51,(anonymous_17)
FN:52,(anonymous_18)
FN:53,(anonymous_19)
FN:54,(anonymous_20)
FN:55,(anonymous_21)
FN:56,(anonymous_22)
FN:57,(anonymous_23)
FN:58,(anonymous_24)
FNF:25
FNH:0
FNDA:0,(anonymous_0)
FNDA:0,(anonymous_1)
FNDA:0,(anonymous_2)
FNDA:0,(anonymous_3)
FNDA:0,(anonymous_4)
FNDA:0,(anonymous_5)
FNDA:0,(anonymous_6)
FNDA:0,(anonymous_7)
FNDA:0,(anonymous_8)
FNDA:0,(anonymous_9)
FNDA:0,(anonymous_10)
FNDA:0,(anonymous_11)
FNDA:0,(anonymous_12)
FNDA:0,(anonymous_13)
FNDA:0,(anonymous_14)
FNDA:0,(anonymous_15)
FNDA:0,(anonymous_16)
FNDA:0,(anonymous_17)
FNDA:0,(anonymous_18)
FNDA:0,(anonymous_19)
FNDA:0,(anonymous_20)
FNDA:0,(anonymous_21)
FNDA:0,(anonymous_22)
FNDA:0,(anonymous_23)
FNDA:0,(anonymous_24)
DA:6,0
DA:7,0
DA:10,0
DA:11,0
DA:12,0
DA:13,0
DA:20,0
DA:21,0
DA:22,0
DA:23,0
DA:24,0
DA:34,0
DA:35,0
DA:41,0
DA:42,0
DA:43,0
DA:44,0
DA:45,0
DA:48,0
DA:49,0
DA:50,0
DA:51,0
DA:52,0
DA:53,0
DA:54,0
DA:55,0
DA:56,0
DA:57,0
DA:58,0
LF:29
LH:0
BRF:0
BRH:0
end_of_record
TN:
SF:src/components/visibility/MatbakhCategories.ts
FN:183,(anonymous_0)
FN:184,(anonymous_1)
FN:189,(anonymous_2)
FN:190,(anonymous_3)
FNF:4
FNH:0
FNDA:0,(anonymous_0)
FNDA:0,(anonymous_1)
FNDA:0,(anonymous_2)
FNDA:0,(anonymous_3)
DA:11,0
DA:183,0
DA:184,0
DA:185,0
DA:189,0
DA:190,0
LF:6
LH:0
BRF:0
BRH:0
end_of_record
TN:
SF:src/constants/mockData.ts
FN:49,(anonymous_0)
FN:51,(anonymous_1)
FN:53,(anonymous_2)
FN:59,(anonymous_3)
FN:63,(anonymous_4)
FN:64,(anonymous_5)
FN:65,(anonymous_6)
FN:66,(anonymous_7)
FN:67,(anonymous_8)
FN:68,(anonymous_9)
FN:69,(anonymous_10)
FN:70,(anonymous_11)
FN:73,(anonymous_12)
FN:75,(anonymous_13)
FNF:14
FNH:0
FNDA:0,(anonymous_0)
FNDA:0,(anonymous_1)
FNDA:0,(anonymous_2)
FNDA:0,(anonymous_3)
FNDA:0,(anonymous_4)
FNDA:0,(anonymous_5)
FNDA:0,(anonymous_6)
FNDA:0,(anonymous_7)
FNDA:0,(anonymous_8)
FNDA:0,(anonymous_9)
FNDA:0,(anonymous_10)
FNDA:0,(anonymous_11)
FNDA:0,(anonymous_12)
FNDA:0,(anonymous_13)
DA:1,0
DA:7,0
DA:22,0
DA:37,0
DA:43,0
DA:49,0
DA:51,0
DA:53,0
DA:55,0
DA:57,0
DA:59,0
DA:61,0
DA:63,0
DA:64,0
DA:65,0
DA:66,0
DA:67,0
DA:68,0
DA:69,0
DA:70,0
DA:73,0
DA:75,0
LF:22
LH:0
BRF:0
BRH:0
end_of_record
TN:
SF:src/data/analytics/event-styles.ts
FN:74,(anonymous_0)
FN:79,(anonymous_1)
FN:84,(anonymous_2)
FN:105,(anonymous_3)
FNF:4
FNH:0
FNDA:0,(anonymous_0)
FNDA:0,(anonymous_1)
FNDA:0,(anonymous_2)
FNDA:0,(anonymous_3)
DA:14,0
DA:74,0
DA:75,0
DA:79,0
DA:80,0
DA:84,0
DA:85,0
DA:89,0
DA:105,0
DA:109,0
DA:111,0
DA:113,0
DA:115,0
LF:13
LH:0
BRDA:111,0,0,0
BRF:1
BRH:0
end_of_record
TN:
SF:src/data/analytics/mock-score-trend.ts
FN:7,(anonymous_0)
FN:80,(anonymous_1)
FN:85,(anonymous_2)
FN:90,(anonymous_3)
FN:98,(anonymous_4)
FN:111,(anonymous_5)
FN:111,(anonymous_6)
FN:111,(anonymous_7)
FN:111,(anonymous_8)
FNF:9
FNH:0
FNDA:0,(anonymous_0)
FNDA:0,(anonymous_1)
FNDA:0,(anonymous_2)
FNDA:0,(anonymous_3)
FNDA:0,(anonymous_4)
FNDA:0,(anonymous_5)
FNDA:0,(anonymous_6)
FNDA:0,(anonymous_7)
FNDA:0,(anonymous_8)
DA:7,0
DA:8,0
DA:9,0
DA:12,0
DA:13,0
DA:14,0
DA:15,0
DA:17,0
DA:26,0
DA:78,0
DA:80,0
DA:85,0
DA:90,0
DA:98,0
DA:99,0
DA:103,0
DA:111,0
LF:17
LH:0
BRDA:99,0,0,0
BRDA:99,0,1,0
BRF:2
BRH:0
end_of_record
TN:
SF:src/data/recommendations/group_bookings.ts
FNF:0
FNH:0
DA:14,0
DA:67,0
LF:2
LH:0
BRF:0
BRH:0
end_of_record
TN:
SF:src/data/recommendations/ig_growth.ts
FNF:0
FNH:0
DA:14,0
DA:67,0
LF:2
LH:0
BRF:0
BRH:0
end_of_record
TN:
SF:src/data/recommendations/increase_reviews.ts
FNF:0
FNH:0
DA:14,0
DA:68,0
LF:2
LH:0
BRF:0
BRH:0
end_of_record
TN:
SF:src/data/recommendations/index.ts
FN:158,(anonymous_1)
FN:27,getRecommendationsByGoal
FN:34,getGoalProfile
FN:47,getAllGoalProfiles
FN:48,(anonymous_5)
FN:56,getRecommendationsSorted
FN:62,(anonymous_7)
FN:82,getRecommendationsByPersona
FN:87,(anonymous_9)
FN:95,getRecommendationsByPlatform
FN:100,(anonymous_11)
FN:106,getQuickWins
FN:108,(anonymous_13)
FN:116,getStrategicInitiatives
FN:118,(anonymous_15)
FN:126,calculateGoalMetrics
FN:132,(anonymous_17)
FN:133,(anonymous_18)
FN:135,(anonymous_19)
FNF:19
FNH:0
FNDA:0,(anonymous_1)
FNDA:0,getRecommendationsByGoal
FNDA:0,getGoalProfile
FNDA:0,getAllGoalProfiles
FNDA:0,(anonymous_5)
FNDA:0,getRecommendationsSorted
FNDA:0,(anonymous_7)
FNDA:0,getRecommendationsByPersona
FNDA:0,(anonymous_9)
FNDA:0,getRecommendationsByPlatform
FNDA:0,(anonymous_11)
FNDA:0,getQuickWins
FNDA:0,(anonymous_13)
FNDA:0,getStrategicInitiatives
FNDA:0,(anonymous_15)
FNDA:0,calculateGoalMetrics
FNDA:0,(anonymous_17)
FNDA:0,(anonymous_18)
FNDA:0,(anonymous_19)
DA:6,0
DA:9,0
DA:10,0
DA:11,0
DA:12,0
DA:13,0
DA:16,0
DA:27,0
DA:28,0
DA:34,0
DA:35,0
DA:36,0
DA:38,0
DA:47,0
DA:48,0
DA:49,0
DA:56,0
DA:60,0
DA:62,0
DA:63,0
DA:65,0
DA:67,0
DA:70,0
DA:71,0
DA:72,0
DA:74,0
DA:82,0
DA:86,0
DA:87,0
DA:88,0
DA:95,0
DA:99,0
DA:100,0
DA:106,0
DA:107,0
DA:108,0
DA:109,0
DA:116,0
DA:117,0
DA:118,0
DA:119,0
DA:126,0
DA:127,0
DA:128,0
DA:129,0
DA:130,0
DA:132,0
DA:133,0
DA:135,0
DA:136,0
DA:137,0
DA:140,0
DA:152,0
DA:153,0
DA:154,0
DA:155,0
DA:156,0
DA:157,0
DA:158,0
LF:59
LH:0
BRDA:28,0,0,0
BRDA:28,0,1,0
BRDA:58,1,0,0
BRDA:63,2,0,0
BRDA:63,2,1,0
BRDA:63,2,2,0
BRDA:63,2,3,0
BRDA:109,3,0,0
BRDA:109,3,1,0
BRDA:119,4,0,0
BRDA:119,4,1,0
BRDA:136,5,0,0
BRDA:136,5,1,0
BRF:13
BRH:0
end_of_record
TN:
SF:src/data/recommendations/local_visibility.ts
FNF:0
FNH:0
DA:14,0
DA:67,0
LF:2
LH:0
BRF:0
BRH:0
end_of_record
TN:
SF:src/data/recommendations/lunch_conversion.ts
FNF:0
FNH:0
DA:14,0
DA:67,0
LF:2
LH:0
BRF:0
BRH:0
end_of_record
TN:
SF:src/hooks/index.ts
FN:6,(anonymous_0)
FN:9,(anonymous_1)
FN:12,(anonymous_2)
FN:15,(anonymous_3)
FN:18,(anonymous_4)
FNF:5
FNH:0
FNDA:0,(anonymous_0)
FNDA:0,(anonymous_1)
FNDA:0,(anonymous_2)
FNDA:0,(anonymous_3)
FNDA:0,(anonymous_4)
DA:6,0
DA:9,0
DA:12,0
DA:15,0
DA:18,0
LF:5
LH:0
BRF:0
BRH:0
end_of_record
TN:
SF:src/hooks/use-mobile.tsx
FN:5,useIsMobile
FN:8,(anonymous_10)
FN:10,(anonymous_11)
FN:15,(anonymous_12)
FNF:4
FNH:0
FNDA:0,useIsMobile
FNDA:0,(anonymous_10)
FNDA:0,(anonymous_11)
FNDA:0,(anonymous_12)
DA:1,0
DA:3,0
DA:5,0
DA:6,0
DA:8,0
DA:9,0
DA:10,0
DA:11,0
DA:13,0
DA:14,0
DA:15,0
DA:18,0
LF:12
LH:0
BRF:0
BRH:0
end_of_record
TN:
SF:src/hooks/use-toast.ts
FN:27,genId
FN:58,(anonymous_11)
FN:63,(anonymous_12)
FN:74,(anonymous_13)
FN:85,(anonymous_14)
FN:98,(anonymous_15)
FN:105,(anonymous_16)
FN:124,(anonymous_17)
FN:133,dispatch
FN:135,(anonymous_19)
FN:142,toast
FN:145,(anonymous_21)
FN:150,(anonymous_22)
FN:158,(anonymous_23)
FN:171,useToast
FN:174,(anonymous_25)
FN:176,(anonymous_26)
FN:187,(anonymous_27)
FNF:18
FNH:0
FNDA:0,genId
FNDA:0,(anonymous_11)
FNDA:0,(anonymous_12)
FNDA:0,(anonymous_13)
FNDA:0,(anonymous_14)
FNDA:0,(anonymous_15)
FNDA:0,(anonymous_16)
FNDA:0,(anonymous_17)
FNDA:0,dispatch
FNDA:0,(anonymous_19)
FNDA:0,toast
FNDA:0,(anonymous_21)
FNDA:0,(anonymous_22)
FNDA:0,(anonymous_23)
FNDA:0,useToast
FNDA:0,(anonymous_25)
FNDA:0,(anonymous_26)
FNDA:0,(anonymous_27)
DA:1,0
DA:8,0
DA:9,0
DA:18,0
DA:25,0
DA:28,0
DA:29,0
DA:56,0
DA:58,0
DA:59,0
DA:60,0
DA:63,0
DA:64,0
DA:65,0
DA:71,0
DA:74,0
DA:75,0
DA:77,0
DA:83,0
DA:86,0
DA:91,0
DA:95,0
DA:96,0
DA:98,0
DA:99,0
DA:103,0
DA:106,0
DA:116,0
DA:117,0
DA:122,0
DA:124,0
DA:129,0
DA:131,0
DA:134,0
DA:135,0
DA:136,0
DA:142,0
DA:143,0
DA:145,0
DA:146,0
DA:150,0
DA:152,0
DA:159,0
DA:164,0
DA:172,0
DA:174,0
DA:175,0
DA:176,0
DA:177,0
DA:178,0
DA:179,0
DA:184,0
DA:187,0
DA:191,0
LF:54
LH:0
BRDA:59,0,0,0
BRDA:75,1,0,0
BRDA:75,1,1,0
BRDA:75,1,2,0
BRDA:75,1,3,0
BRDA:86,2,0,0
BRDA:86,2,1,0
BRDA:95,3,0,0
BRDA:95,3,1,0
BRDA:106,4,0,0
BRDA:106,4,1,0
BRDA:106,5,0,0
BRDA:106,5,1,0
BRDA:116,6,0,0
BRDA:159,7,0,0
BRDA:178,8,0,0
BRF:16
BRH:0
end_of_record
TN:
SF:src/hooks/useAIServices.ts
FN:58,useAIServices
FN:68,(anonymous_9)
FN:71,(anonymous_10)
FN:71,(anonymous_11)
FN:77,(anonymous_12)
FN:94,(anonymous_13)
FN:102,(anonymous_14)
FN:110,(anonymous_15)
FN:113,(anonymous_16)
FN:116,(anonymous_17)
FN:124,(anonymous_18)
FN:126,(anonymous_19)
FN:129,(anonymous_20)
FN:131,(anonymous_21)
FN:132,(anonymous_22)
FN:136,(anonymous_23)
FN:140,(anonymous_24)
FN:142,(anonymous_25)
FN:143,(anonymous_26)
FN:150,(anonymous_27)
FN:155,(anonymous_28)
FN:161,(anonymous_29)
FN:178,(anonymous_30)
FN:182,(anonymous_31)
FN:186,(anonymous_32)
FN:187,(anonymous_33)
FN:191,(anonymous_34)
FN:199,(anonymous_35)
FN:200,(anonymous_36)
FN:200,(anonymous_37)
FN:205,(anonymous_38)
FN:223,(anonymous_39)
FN:226,(anonymous_40)
FN:266,(anonymous_41)
FN:268,(anonymous_42)
FN:273,(anonymous_43)
FN:273,(anonymous_44)
FN:285,(anonymous_45)
FN:285,(anonymous_46)
FN:289,(anonymous_47)
FNF:40
FNH:0
FNDA:0,useAIServices
FNDA:0,(anonymous_9)
FNDA:0,(anonymous_10)
FNDA:0,(anonymous_11)
FNDA:0,(anonymous_12)
FNDA:0,(anonymous_13)
FNDA:0,(anonymous_14)
FNDA:0,(anonymous_15)
FNDA:0,(anonymous_16)
FNDA:0,(anonymous_17)
FNDA:0,(anonymous_18)
FNDA:0,(anonymous_19)
FNDA:0,(anonymous_20)
FNDA:0,(anonymous_21)
FNDA:0,(anonymous_22)
FNDA:0,(anonymous_23)
FNDA:0,(anonymous_24)
FNDA:0,(anonymous_25)
FNDA:0,(anonymous_26)
FNDA:0,(anonymous_27)
FNDA:0,(anonymous_28)
FNDA:0,(anonymous_29)
FNDA:0,(anonymous_30)
FNDA:0,(anonymous_31)
FNDA:0,(anonymous_32)
FNDA:0,(anonymous_33)
FNDA:0,(anonymous_34)
FNDA:0,(anonymous_35)
FNDA:0,(anonymous_36)
FNDA:0,(anonymous_37)
FNDA:0,(anonymous_38)
FNDA:0,(anonymous_39)
FNDA:0,(anonymous_40)
FNDA:0,(anonymous_41)
FNDA:0,(anonymous_42)
FNDA:0,(anonymous_43)
FNDA:0,(anonymous_44)
FNDA:0,(anonymous_45)
FNDA:0,(anonymous_46)
FNDA:0,(anonymous_47)
DA:6,0
DA:7,0
DA:8,0
DA:58,0
DA:59,0
DA:60,0
DA:61,0
DA:62,0
DA:63,0
DA:65,0
DA:68,0
DA:69,0
DA:71,0
DA:72,0
DA:73,0
DA:74,0
DA:77,0
DA:78,0
DA:79,0
DA:83,0
DA:84,0
DA:86,0
DA:88,0
DA:92,0
DA:94,0
DA:95,0
DA:96,0
DA:102,0
DA:103,0
DA:104,0
DA:105,0
DA:110,0
DA:111,0
DA:113,0
DA:115,0
DA:116,0
DA:120,0
DA:124,0
DA:125,0
DA:126,0
DA:129,0
DA:130,0
DA:131,0
DA:132,0
DA:136,0
DA:137,0
DA:138,0
DA:140,0
DA:141,0
DA:142,0
DA:143,0
DA:146,0
DA:150,0
DA:151,0
DA:152,0
DA:155,0
DA:156,0
DA:157,0
DA:161,0
DA:166,0
DA:169,0
DA:178,0
DA:179,0
DA:182,0
DA:186,0
DA:187,0
DA:191,0
DA:192,0
DA:199,0
DA:200,0
DA:205,0
DA:207,0
DA:215,0
DA:218,0
DA:219,0
DA:223,0
DA:226,0
DA:228,0
DA:236,0
DA:239,0
DA:240,0
DA:259,0
DA:260,0
DA:263,0
DA:266,0
DA:267,0
DA:268,0
DA:269,0
DA:273,0
DA:274,0
DA:275,0
DA:276,0
DA:277,0
DA:279,0
DA:281,0
DA:285,0
DA:288,0
DA:289,0
DA:290,0
DA:293,0
LF:100
LH:0
BRDA:86,0,0,0
BRDA:86,0,1,0
BRDA:95,1,0,0
BRDA:104,2,0,0
BRDA:111,3,0,0
BRDA:115,4,0,0
BRDA:125,5,0,0
BRDA:126,6,0,0
BRDA:126,6,1,0
BRDA:132,7,0,0
BRDA:132,7,1,0
BRDA:142,8,0,0
BRDA:142,8,1,0
BRDA:156,9,0,0
BRDA:166,10,0,0
BRDA:166,10,1,0
BRDA:166,11,0,0
BRDA:166,11,1,0
BRDA:187,12,0,0
BRDA:187,12,1,0
BRDA:195,13,0,0
BRDA:195,13,1,0
BRDA:215,14,0,0
BRDA:215,14,1,0
BRDA:218,15,0,0
BRDA:236,16,0,0
BRDA:236,16,1,0
BRDA:239,17,0,0
BRDA:259,18,0,0
BRDA:259,18,1,0
BRDA:267,19,0,0
BRDA:269,20,0,0
BRDA:269,20,1,0
BRDA:279,21,0,0
BRDA:279,21,1,0
BRDA:288,22,0,0
BRDA:290,23,0,0
BRDA:290,23,1,0
BRDA:290,24,0,0
BRDA:290,24,1,0
BRDA:290,25,0,0
BRDA:290,25,1,0
BRF:42
BRH:0
end_of_record
TN:
SF:src/hooks/useAiCategorySuggestions.ts
FN:5,(anonymous_7)
FN:9,(anonymous_8)
FN:13,(anonymous_9)
FN:26,(anonymous_10)
FN:75,(anonymous_11)
FN:89,(anonymous_12)
FN:90,(anonymous_13)
FNF:7
FNH:0
FNDA:0,(anonymous_7)
FNDA:0,(anonymous_8)
FNDA:0,(anonymous_9)
FNDA:0,(anonymous_10)
FNDA:0,(anonymous_11)
FNDA:0,(anonymous_12)
FNDA:0,(anonymous_13)
DA:2,0
DA:5,0
DA:6,0
DA:7,0
DA:9,0
DA:13,0
DA:14,0
DA:15,0
DA:16,0
DA:19,0
DA:20,0
DA:22,0
DA:23,0
DA:24,0
DA:26,0
DA:27,0
DA:28,0
DA:29,0
DA:32,0
DA:34,0
DA:38,0
DA:40,0
DA:44,0
DA:46,0
DA:50,0
DA:52,0
DA:56,0
DA:58,0
DA:62,0
DA:65,0
DA:69,0
DA:71,0
DA:75,0
DA:76,0
DA:77,0
DA:82,0
DA:84,0
DA:88,0
DA:89,0
DA:90,0
DA:93,0
DA:95,0
DA:96,0
DA:98,0
DA:102,0
LF:45
LH:0
BRDA:14,0,0,0
BRDA:32,1,0,0
BRDA:32,2,0,0
BRDA:32,2,1,0
BRDA:32,2,2,0
BRDA:32,2,3,0
BRDA:34,3,0,0
BRDA:38,4,0,0
BRDA:38,5,0,0
BRDA:38,5,1,0
BRDA:38,5,2,0
BRDA:38,5,3,0
BRDA:40,6,0,0
BRDA:44,7,0,0
BRDA:44,8,0,0
BRDA:44,8,1,0
BRDA:44,8,2,0
BRDA:44,8,3,0
BRDA:46,9,0,0
BRDA:50,10,0,0
BRDA:50,11,0,0
BRDA:50,11,1,0
BRDA:50,11,2,0
BRDA:50,11,3,0
BRDA:52,12,0,0
BRDA:56,13,0,0
BRDA:56,14,0,0
BRDA:56,14,1,0
BRDA:56,14,2,0
BRDA:56,14,3,0
BRDA:58,15,0,0
BRDA:62,16,0,0
BRDA:62,17,0,0
BRDA:62,17,1,0
BRDA:62,17,2,0
BRDA:62,17,3,0
BRDA:62,17,4,0
BRDA:62,17,5,0
BRDA:65,18,0,0
BRDA:65,19,0,0
BRDA:65,19,1,0
BRDA:69,20,0,0
BRDA:69,21,0,0
BRDA:69,21,1,0
BRDA:69,21,2,0
BRDA:69,21,3,0
BRDA:71,22,0,0
BRDA:71,23,0,0
BRDA:71,23,1,0
BRDA:76,24,0,0
BRDA:76,25,0,0
BRDA:76,25,1,0
BRDA:82,26,0,0
BRF:53
BRH:0
end_of_record
TN:
SF:src/hooks/useAiRecommendations.ts
FN:5,useAiRecommendations
FN:8,(anonymous_8)
FN:8,(anonymous_9)
FNF:3
FNH:0
FNDA:0,useAiRecommendations
FNDA:0,(anonymous_8)
FNDA:0,(anonymous_9)
DA:2,0
DA:5,0
DA:6,0
DA:8,0
DA:9,0
DA:10,0
DA:12,0
DA:18,0
DA:20,0
DA:28,0
DA:29,0
DA:30,0
DA:33,0
LF:13
LH:0
BRDA:10,0,0,0
BRDA:18,1,0,0
BRDA:28,2,0,0
BRDA:33,3,0,0
BRDA:33,3,1,0
BRF:5
BRH:0
end_of_record
TN:
SF:src/hooks/useAnalyticsEvent.ts
FN:3,(anonymous_0)
FN:4,(anonymous_1)
FNF:2
FNH:0
FNDA:0,(anonymous_0)
FNDA:0,(anonymous_1)
DA:1,0
DA:3,0
DA:4,0
DA:5,0
DA:7,0
DA:12,0
DA:16,0
LF:7
LH:0
BRF:0
BRH:0
end_of_record
TN:
SF:src/hooks/useAppState.ts
FN:12,(anonymous_0)
FN:22,(anonymous_1)
FN:23,(anonymous_2)
FNF:3
FNH:0
FNDA:0,(anonymous_0)
FNDA:0,(anonymous_1)
FNDA:0,(anonymous_2)
DA:1,0
DA:12,0
DA:13,0
DA:22,0
DA:23,0
DA:26,0
LF:6
LH:0
BRF:0
BRH:0
end_of_record
TN:
SF:src/hooks/useAuthUnified.ts
FN:52,(anonymous_7)
FN:94,(anonymous_8)
FN:94,(anonymous_9)
FN:95,(anonymous_10)
FN:95,(anonymous_11)
FN:96,(anonymous_12)
FN:96,(anonymous_13)
FN:97,(anonymous_14)
FN:97,(anonymous_15)
FN:101,(anonymous_16)
FN:102,(anonymous_17)
FNF:11
FNH:0
FNDA:0,(anonymous_7)
FNDA:0,(anonymous_8)
FNDA:0,(anonymous_9)
FNDA:0,(anonymous_10)
FNDA:0,(anonymous_11)
FNDA:0,(anonymous_12)
FNDA:0,(anonymous_13)
FNDA:0,(anonymous_14)
FNDA:0,(anonymous_15)
FNDA:0,(anonymous_16)
FNDA:0,(anonymous_17)
DA:13,0
DA:52,0
DA:53,0
DA:54,0
DA:56,0
DA:85,0
DA:87,0
DA:94,0
DA:95,0
DA:96,0
DA:97,0
DA:111,0
LF:12
LH:0
BRDA:60,0,0,0
BRDA:60,0,1,0
BRF:2
BRH:0
end_of_record
TN:
SF:src/hooks/useAvatar.ts
FN:70,useAvatar
FN:94,(anonymous_8)
FN:100,(anonymous_9)
FN:107,(anonymous_10)
FN:113,(anonymous_11)
FN:113,(anonymous_12)
FN:150,(anonymous_13)
FN:155,(anonymous_14)
FN:176,(anonymous_15)
FN:179,(anonymous_16)
FN:205,(anonymous_17)
FN:208,(anonymous_18)
FN:240,(anonymous_19)
FN:281,(anonymous_20)
FN:281,(anonymous_21)
FN:305,(anonymous_22)
FN:305,(anonymous_23)
FN:344,(anonymous_24)
FN:344,(anonymous_25)
FN:349,(anonymous_26)
FN:349,(anonymous_27)
FN:376,(anonymous_28)
FN:384,(anonymous_29)
FN:385,(anonymous_30)
FNF:24
FNH:0
FNDA:0,useAvatar
FNDA:0,(anonymous_8)
FNDA:0,(anonymous_9)
FNDA:0,(anonymous_10)
FNDA:0,(anonymous_11)
FNDA:0,(anonymous_12)
FNDA:0,(anonymous_13)
FNDA:0,(anonymous_14)
FNDA:0,(anonymous_15)
FNDA:0,(anonymous_16)
FNDA:0,(anonymous_17)
FNDA:0,(anonymous_18)
FNDA:0,(anonymous_19)
FNDA:0,(anonymous_20)
FNDA:0,(anonymous_21)
FNDA:0,(anonymous_22)
FNDA:0,(anonymous_23)
FNDA:0,(anonymous_24)
FNDA:0,(anonymous_25)
FNDA:0,(anonymous_26)
FNDA:0,(anonymous_27)
FNDA:0,(anonymous_28)
FNDA:0,(anonymous_29)
FNDA:0,(anonymous_30)
DA:5,0
DA:6,0
DA:52,0
DA:61,0
DA:70,0
DA:79,0
DA:82,0
DA:83,0
DA:84,0
DA:85,0
DA:86,0
DA:87,0
DA:90,0
DA:91,0
DA:94,0
DA:95,0
DA:96,0
DA:100,0
DA:101,0
DA:102,0
DA:103,0
DA:107,0
DA:108,0
DA:109,0
DA:113,0
DA:114,0
DA:115,0
DA:116,0
DA:119,0
DA:120,0
DA:122,0
DA:125,0
DA:126,0
DA:127,0
DA:128,0
DA:135,0
DA:136,0
DA:137,0
DA:139,0
DA:142,0
DA:143,0
DA:145,0
DA:150,0
DA:151,0
DA:155,0
DA:157,0
DA:158,0
DA:159,0
DA:163,0
DA:164,0
DA:165,0
DA:172,0
DA:176,0
DA:179,0
DA:180,0
DA:182,0
DA:183,0
DA:186,0
DA:188,0
DA:195,0
DA:196,0
DA:199,0
DA:200,0
DA:205,0
DA:208,0
DA:209,0
DA:210,0
DA:213,0
DA:214,0
DA:215,0
DA:217,0
DA:219,0
DA:220,0
DA:221,0
DA:224,0
DA:227,0
DA:228,0
DA:231,0
DA:232,0
DA:235,0
DA:242,0
DA:243,0
DA:247,0
DA:250,0
DA:252,0
DA:255,0
DA:257,0
DA:258,0
DA:261,0
DA:262,0
DA:263,0
DA:264,0
DA:266,0
DA:267,0
DA:281,0
DA:282,0
DA:285,0
DA:286,0
DA:287,0
DA:288,0
DA:299,0
DA:300,0
DA:305,0
DA:306,0
DA:307,0
DA:310,0
DA:311,0
DA:313,0
DA:316,0
DA:317,0
DA:318,0
DA:319,0
DA:326,0
DA:327,0
DA:331,0
DA:334,0
DA:335,0
DA:336,0
DA:337,0
DA:339,0
DA:344,0
DA:345,0
DA:349,0
DA:350,0
DA:352,0
DA:353,0
DA:354,0
DA:358,0
DA:361,0
DA:362,0
DA:365,0
DA:366,0
DA:369,0
DA:370,0
DA:371,0
DA:376,0
DA:377,0
DA:378,0
DA:379,0
DA:384,0
DA:385,0
DA:386,0
DA:387,0
DA:392,0
DA:412,0
LF:145
LH:0
BRDA:70,0,0,0
BRDA:74,1,0,0
BRDA:75,2,0,0
BRDA:90,3,0,0
BRDA:90,3,1,0
BRDA:91,4,0,0
BRDA:91,4,1,0
BRDA:91,5,0,0
BRDA:91,5,1,0
BRDA:95,6,0,0
BRDA:102,7,0,0
BRDA:102,7,1,0
BRDA:108,8,0,0
BRDA:109,9,0,0
BRDA:109,9,1,0
BRDA:114,10,0,0
BRDA:125,11,0,0
BRDA:125,11,1,0
BRDA:125,12,0,0
BRDA:125,12,1,0
BRDA:126,13,0,0
BRDA:126,13,1,0
BRDA:127,14,0,0
BRDA:127,14,1,0
BRDA:135,15,0,0
BRDA:135,15,1,0
BRDA:137,16,0,0
BRDA:137,16,1,0
BRDA:158,17,0,0
BRDA:164,18,0,0
BRDA:178,19,0,0
BRDA:182,20,0,0
BRDA:207,21,0,0
BRDA:209,22,0,0
BRDA:220,23,0,0
BRDA:255,24,0,0
BRDA:255,24,1,0
BRDA:257,25,0,0
BRDA:257,25,1,0
BRDA:257,26,0,0
BRDA:257,26,1,0
BRDA:257,27,0,0
BRDA:257,27,1,0
BRDA:258,28,0,0
BRDA:258,28,1,0
BRDA:261,29,0,0
BRDA:261,29,1,0
BRDA:263,30,0,0
BRDA:263,30,1,0
BRDA:263,31,0,0
BRDA:263,31,1,0
BRDA:282,32,0,0
BRDA:285,33,0,0
BRDA:285,33,1,0
BRDA:285,34,0,0
BRDA:285,34,1,0
BRDA:286,35,0,0
BRDA:286,35,1,0
BRDA:287,36,0,0
BRDA:287,36,1,0
BRDA:299,37,0,0
BRDA:306,38,0,0
BRDA:316,39,0,0
BRDA:316,39,1,0
BRDA:316,40,0,0
BRDA:316,40,1,0
BRDA:317,41,0,0
BRDA:317,41,1,0
BRDA:318,42,0,0
BRDA:318,42,1,0
BRDA:326,43,0,0
BRDA:334,44,0,0
BRDA:334,44,1,0
BRDA:336,45,0,0
BRDA:336,45,1,0
BRDA:336,46,0,0
BRDA:336,46,1,0
BRDA:353,47,0,0
BRDA:361,48,0,0
BRDA:369,49,0,0
BRDA:369,49,1,0
BRDA:377,50,0,0
BRDA:386,51,0,0
BRDA:394,52,0,0
BRDA:394,52,1,0
BRF:85
BRH:0
end_of_record
TN:
SF:src/hooks/useBedrockCategorySuggestions.ts
FN:42,useBedrockCategorySuggestions
FN:44,(anonymous_8)
FN:44,(anonymous_9)
FN:59,(anonymous_10)
FN:66,(anonymous_11)
FNF:5
FNH:0
FNDA:0,useBedrockCategorySuggestions
FNDA:0,(anonymous_8)
FNDA:0,(anonymous_9)
FNDA:0,(anonymous_10)
FNDA:0,(anonymous_11)
DA:1,0
DA:42,0
DA:43,0
DA:44,0
DA:45,0
DA:47,0
DA:51,0
DA:52,0
DA:53,0
DA:56,0
DA:57,0
DA:60,0
DA:67,0
LF:13
LH:0
BRDA:51,0,0,0
BRDA:53,1,0,0
BRDA:53,1,1,0
BRF:3
BRH:0
end_of_record
TN:
SF:src/hooks/useBenchmarkComparison.ts
FN:33,(anonymous_7)
FN:43,(anonymous_8)
FN:43,(anonymous_9)
FN:94,(anonymous_10)
FN:94,(anonymous_11)
FN:119,(anonymous_12)
FN:150,(anonymous_13)
FN:159,(anonymous_14)
FN:159,(anonymous_15)
FN:183,(anonymous_16)
FN:198,(anonymous_17)
FN:199,(anonymous_18)
FN:211,(anonymous_19)
FN:227,(anonymous_20)
FNF:14
FNH:0
FNDA:0,(anonymous_7)
FNDA:0,(anonymous_8)
FNDA:0,(anonymous_9)
FNDA:0,(anonymous_10)
FNDA:0,(anonymous_11)
FNDA:0,(anonymous_12)
FNDA:0,(anonymous_13)
FNDA:0,(anonymous_14)
FNDA:0,(anonymous_15)
FNDA:0,(anonymous_16)
FNDA:0,(anonymous_17)
FNDA:0,(anonymous_18)
FNDA:0,(anonymous_19)
FNDA:0,(anonymous_20)
DA:6,0
DA:7,0
DA:33,0
DA:36,0
DA:37,0
DA:38,0
DA:39,0
DA:41,0
DA:43,0
DA:44,0
DA:46,0
DA:49,0
DA:50,0
DA:51,0
DA:54,0
DA:60,0
DA:61,0
DA:64,0
DA:73,0
DA:74,0
DA:76,0
DA:79,0
DA:80,0
DA:82,0
DA:94,0
DA:95,0
DA:97,0
DA:98,0
DA:100,0
DA:109,0
DA:110,0
DA:112,0
DA:113,0
DA:115,0
DA:119,0
DA:120,0
DA:121,0
DA:125,0
DA:150,0
DA:153,0
DA:154,0
DA:155,0
DA:157,0
DA:159,0
DA:160,0
DA:161,0
DA:164,0
DA:165,0
DA:166,0
DA:168,0
DA:174,0
DA:176,0
DA:177,0
DA:179,0
DA:183,0
DA:184,0
DA:185,0
DA:189,0
DA:198,0
DA:199,0
DA:200,0
DA:202,0
DA:204,0
DA:205,0
DA:206,0
DA:207,0
DA:208,0
DA:211,0
DA:212,0
DA:214,0
DA:216,0
DA:217,0
DA:224,0
DA:227,0
DA:228,0
DA:230,0
DA:232,0
DA:239,0
LF:78
LH:0
BRDA:44,0,0,0
BRDA:44,1,0,0
BRDA:44,1,1,0
BRDA:44,1,2,0
BRDA:44,1,3,0
BRDA:44,1,4,0
BRDA:60,2,0,0
BRDA:60,2,1,0
BRDA:95,3,0,0
BRDA:120,4,0,0
BRDA:160,5,0,0
BRDA:160,6,0,0
BRDA:160,6,1,0
BRDA:160,6,2,0
BRDA:184,7,0,0
BRDA:200,8,0,0
BRDA:204,9,0,0
BRDA:205,10,0,0
BRDA:206,11,0,0
BRDA:207,12,0,0
BRDA:212,13,0,0
BRDA:216,14,0,0
BRDA:216,15,0,0
BRDA:216,15,1,0
BRDA:220,16,0,0
BRDA:220,16,1,0
BRDA:228,17,0,0
BRF:27
BRH:0
end_of_record
TN:
SF:src/hooks/useBusinessContactData.ts
FN:38,useBusinessContactData
FN:45,(anonymous_8)
FN:45,(anonymous_9)
FN:78,(anonymous_10)
FN:78,(anonymous_11)
FN:114,(anonymous_12)
FN:132,(anonymous_13)
FN:139,(anonymous_14)
FN:150,(anonymous_15)
FN:181,(anonymous_16)
FN:181,(anonymous_17)
FN:202,(anonymous_18)
FN:209,(anonymous_19)
FNF:13
FNH:0
FNDA:0,useBusinessContactData
FNDA:0,(anonymous_8)
FNDA:0,(anonymous_9)
FNDA:0,(anonymous_10)
FNDA:0,(anonymous_11)
FNDA:0,(anonymous_12)
FNDA:0,(anonymous_13)
FNDA:0,(anonymous_14)
FNDA:0,(anonymous_15)
FNDA:0,(anonymous_16)
FNDA:0,(anonymous_17)
FNDA:0,(anonymous_18)
FNDA:0,(anonymous_19)
DA:1,0
DA:3,0
DA:38,0
DA:39,0
DA:40,0
DA:43,0
DA:45,0
DA:46,0
DA:47,0
DA:50,0
DA:56,0
DA:57,0
DA:61,0
DA:67,0
DA:68,0
DA:77,0
DA:78,0
DA:79,0
DA:80,0
DA:83,0
DA:89,0
DA:90,0
DA:94,0
DA:114,0
DA:121,0
DA:129,0
DA:130,0
DA:133,0
DA:134,0
DA:140,0
DA:141,0
DA:150,0
DA:151,0
DA:153,0
DA:180,0
DA:181,0
DA:182,0
DA:183,0
DA:185,0
DA:191,0
DA:192,0
DA:195,0
DA:200,0
DA:203,0
DA:204,0
DA:210,0
DA:211,0
DA:219,0
LF:48
LH:0
BRDA:47,0,0,0
BRDA:56,1,0,0
BRDA:56,2,0,0
BRDA:56,2,1,0
BRDA:67,3,0,0
BRDA:68,4,0,0
BRDA:68,4,1,0
BRDA:70,5,0,0
BRDA:70,5,1,0
BRDA:80,6,0,0
BRDA:89,7,0,0
BRDA:89,8,0,0
BRDA:89,8,1,0
BRDA:96,9,0,0
BRDA:96,9,1,0
BRDA:98,10,0,0
BRDA:98,10,1,0
BRDA:99,11,0,0
BRDA:99,11,1,0
BRDA:102,12,0,0
BRDA:102,12,1,0
BRDA:106,13,0,0
BRDA:106,13,1,0
BRDA:108,14,0,0
BRDA:108,14,1,0
BRDA:109,15,0,0
BRDA:109,15,1,0
BRDA:110,16,0,0
BRDA:110,16,1,0
BRDA:111,17,0,0
BRDA:111,17,1,0
BRDA:112,18,0,0
BRDA:112,18,1,0
BRDA:129,19,0,0
BRDA:151,20,0,0
BRDA:157,21,0,0
BRDA:157,21,1,0
BRDA:160,22,0,0
BRDA:160,22,1,0
BRDA:166,23,0,0
BRDA:166,23,1,0
BRDA:169,24,0,0
BRDA:169,24,1,0
BRDA:169,25,0,0
BRDA:169,25,1,0
BRDA:169,26,0,0
BRDA:169,26,1,0
BRDA:170,27,0,0
BRDA:170,27,1,0
BRDA:170,28,0,0
BRDA:170,28,1,0
BRDA:170,29,0,0
BRDA:170,29,1,0
BRDA:171,30,0,0
BRDA:171,30,1,0
BRDA:171,31,0,0
BRDA:171,31,1,0
BRDA:171,32,0,0
BRDA:171,32,1,0
BRDA:172,33,0,0
BRDA:172,33,1,0
BRDA:172,34,0,0
BRDA:172,34,1,0
BRDA:172,35,0,0
BRDA:172,35,1,0
BRDA:173,36,0,0
BRDA:173,36,1,0
BRDA:173,37,0,0
BRDA:173,37,1,0
BRDA:173,38,0,0
BRDA:173,38,1,0
BRDA:175,39,0,0
BRDA:175,39,1,0
BRDA:183,40,0,0
BRDA:191,41,0,0
BRDA:191,42,0,0
BRDA:191,42,1,0
BRDA:200,43,0,0
BRF:78
BRH:0
end_of_record
TN:
SF:src/hooks/useCompanyProfile.ts
FN:47,useCompanyProfile
FN:53,(anonymous_8)
FN:62,(anonymous_9)
FN:62,(anonymous_10)
FN:87,(anonymous_11)
FN:87,(anonymous_12)
FNF:6
FNH:0
FNDA:0,useCompanyProfile
FNDA:0,(anonymous_8)
FNDA:0,(anonymous_9)
FNDA:0,(anonymous_10)
FNDA:0,(anonymous_11)
FNDA:0,(anonymous_12)
DA:1,0
DA:2,0
DA:47,0
DA:48,0
DA:49,0
DA:50,0
DA:51,0
DA:53,0
DA:54,0
DA:55,0
DA:56,0
DA:59,0
DA:60,0
DA:62,0
DA:63,0
DA:64,0
DA:70,0
DA:71,0
DA:72,0
DA:74,0
DA:77,0
DA:78,0
DA:80,0
DA:84,0
DA:87,0
DA:88,0
DA:90,0
DA:91,0
DA:94,0
DA:101,0
DA:103,0
DA:109,0
DA:110,0
DA:111,0
DA:112,0
DA:115,0
DA:124,0
DA:125,0
DA:126,0
DA:127,0
DA:128,0
DA:132,0
DA:138,0
DA:139,0
DA:142,0
DA:143,0
DA:146,0
LF:47
LH:0
BRDA:54,0,0,0
BRDA:70,1,0,0
BRDA:70,1,1,0
BRDA:88,2,0,0
BRDA:101,3,0,0
BRDA:101,3,1,0
BRDA:109,4,0,0
BRDA:124,5,0,0
BRDA:138,6,0,0
BRF:9
BRH:0
end_of_record
TN:
SF:src/hooks/useDashboard.ts
FN:61,(anonymous_7)
FN:61,(anonymous_8)
FN:74,(anonymous_9)
FN:81,(anonymous_10)
FN:81,(anonymous_11)
FN:90,(anonymous_12)
FN:94,(anonymous_14)
FN:101,(anonymous_16)
FN:108,(anonymous_18)
FN:114,(anonymous_20)
FN:121,(anonymous_22)
FN:128,(anonymous_24)
FN:138,(anonymous_26)
FN:138,(anonymous_27)
FN:146,(anonymous_28)
FN:153,(anonymous_30)
FN:160,(anonymous_32)
FN:167,(anonymous_34)
FN:174,(anonymous_36)
FN:181,(anonymous_38)
FN:184,(anonymous_39)
FN:189,(anonymous_40)
FN:192,(anonymous_41)
FN:198,(anonymous_42)
FN:201,(anonymous_43)
FN:206,(anonymous_44)
FN:209,(anonymous_45)
FN:215,(anonymous_46)
FN:220,(anonymous_47)
FN:226,(anonymous_48)
FN:228,(anonymous_49)
FN:236,(anonymous_50)
FN:242,(anonymous_51)
FN:244,(anonymous_52)
FN:250,(anonymous_53)
FN:255,(anonymous_54)
FN:257,(anonymous_55)
FN:272,(anonymous_56)
FN:276,(anonymous_57)
FN:276,(anonymous_58)
FN:292,(anonymous_59)
FN:292,(anonymous_60)
FN:316,(anonymous_61)
FN:320,(anonymous_62)
FN:320,(anonymous_63)
FN:336,(anonymous_64)
FN:336,(anonymous_65)
FN:354,(anonymous_66)
FN:361,(anonymous_67)
FN:362,(anonymous_68)
FN:366,(anonymous_69)
FN:367,(anonymous_70)
FN:374,(anonymous_71)
FN:375,(anonymous_72)
FN:377,(anonymous_73)
FN:382,(anonymous_74)
FN:383,(anonymous_75)
FN:385,(anonymous_76)
FN:394,(anonymous_77)
FN:394,(anonymous_78)
FNF:60
FNH:0
FNDA:0,(anonymous_7)
FNDA:0,(anonymous_8)
FNDA:0,(anonymous_9)
FNDA:0,(anonymous_10)
FNDA:0,(anonymous_11)
FNDA:0,(anonymous_12)
FNDA:0,(anonymous_14)
FNDA:0,(anonymous_16)
FNDA:0,(anonymous_18)
FNDA:0,(anonymous_20)
FNDA:0,(anonymous_22)
FNDA:0,(anonymous_24)
FNDA:0,(anonymous_26)
FNDA:0,(anonymous_27)
FNDA:0,(anonymous_28)
FNDA:0,(anonymous_30)
FNDA:0,(anonymous_32)
FNDA:0,(anonymous_34)
FNDA:0,(anonymous_36)
FNDA:0,(anonymous_38)
FNDA:0,(anonymous_39)
FNDA:0,(anonymous_40)
FNDA:0,(anonymous_41)
FNDA:0,(anonymous_42)
FNDA:0,(anonymous_43)
FNDA:0,(anonymous_44)
FNDA:0,(anonymous_45)
FNDA:0,(anonymous_46)
FNDA:0,(anonymous_47)
FNDA:0,(anonymous_48)
FNDA:0,(anonymous_49)
FNDA:0,(anonymous_50)
FNDA:0,(anonymous_51)
FNDA:0,(anonymous_52)
FNDA:0,(anonymous_53)
FNDA:0,(anonymous_54)
FNDA:0,(anonymous_55)
FNDA:0,(anonymous_56)
FNDA:0,(anonymous_57)
FNDA:0,(anonymous_58)
FNDA:0,(anonymous_59)
FNDA:0,(anonymous_60)
FNDA:0,(anonymous_61)
FNDA:0,(anonymous_62)
FNDA:0,(anonymous_63)
FNDA:0,(anonymous_64)
FNDA:0,(anonymous_65)
FNDA:0,(anonymous_66)
FNDA:0,(anonymous_67)
FNDA:0,(anonymous_68)
FNDA:0,(anonymous_69)
FNDA:0,(anonymous_70)
FNDA:0,(anonymous_71)
FNDA:0,(anonymous_72)
FNDA:0,(anonymous_73)
FNDA:0,(anonymous_74)
FNDA:0,(anonymous_75)
FNDA:0,(anonymous_76)
FNDA:0,(anonymous_77)
FNDA:0,(anonymous_78)
DA:5,0
DA:6,0
DA:58,0
DA:61,0
DA:62,0
DA:64,0
DA:73,0
DA:74,0
DA:75,0
DA:78,0
DA:81,0
DA:82,0
DA:83,0
DA:84,0
DA:85,0
DA:87,0
DA:91,0
DA:95,0
DA:102,0
DA:109,0
DA:115,0
DA:122,0
DA:129,0
DA:130,0
DA:131,0
DA:132,0
DA:135,0
DA:138,0
DA:139,0
DA:140,0
DA:141,0
DA:143,0
DA:147,0
DA:154,0
DA:161,0
DA:168,0
DA:175,0
DA:179,0
DA:181,0
DA:182,0
DA:184,0
DA:189,0
DA:190,0
DA:192,0
DA:198,0
DA:199,0
DA:201,0
DA:206,0
DA:207,0
DA:209,0
DA:215,0
DA:216,0
DA:218,0
DA:221,0
DA:225,0
DA:227,0
DA:229,0
DA:230,0
DA:234,0
DA:237,0
DA:241,0
DA:243,0
DA:245,0
DA:249,0
DA:251,0
DA:254,0
DA:256,0
DA:258,0
DA:262,0
DA:272,0
DA:273,0
DA:274,0
DA:276,0
DA:277,0
DA:278,0
DA:280,0
DA:281,0
DA:282,0
DA:284,0
DA:285,0
DA:286,0
DA:288,0
DA:292,0
DA:293,0
DA:294,0
DA:296,0
DA:297,0
DA:298,0
DA:300,0
DA:301,0
DA:302,0
DA:304,0
DA:308,0
DA:316,0
DA:317,0
DA:318,0
DA:320,0
DA:321,0
DA:322,0
DA:324,0
DA:325,0
DA:326,0
DA:328,0
DA:329,0
DA:330,0
DA:332,0
DA:336,0
DA:337,0
DA:338,0
DA:339,0
DA:341,0
DA:342,0
DA:346,0
DA:354,0
DA:355,0
DA:356,0
DA:357,0
DA:359,0
DA:361,0
DA:362,0
DA:363,0
DA:366,0
DA:367,0
DA:371,0
DA:374,0
DA:375,0
DA:377,0
DA:379,0
DA:382,0
DA:383,0
DA:385,0
DA:387,0
DA:389,0
DA:390,0
DA:394,0
DA:395,0
DA:397,0
DA:398,0
DA:399,0
DA:401,0
DA:402,0
DA:404,0
DA:406,0
DA:407,0
DA:411,0
LF:145
LH:0
BRDA:58,0,0,0
BRDA:58,0,1,0
BRDA:61,1,0,0
BRDA:73,2,0,0
BRDA:75,3,0,0
BRDA:75,3,1,0
BRDA:81,4,0,0
BRDA:83,5,0,0
BRDA:84,6,0,0
BRDA:85,7,0,0
BRDA:130,8,0,0
BRDA:138,9,0,0
BRDA:140,10,0,0
BRDA:141,11,0,0
BRDA:149,12,0,0
BRDA:149,12,1,0
BRDA:181,13,0,0
BRDA:284,14,0,0
BRDA:284,14,1,0
BRDA:300,15,0,0
BRDA:300,15,1,0
BRDA:328,16,0,0
BRDA:328,16,1,0
BRDA:355,17,0,0
BRDA:355,17,1,0
BRDA:362,18,0,0
BRDA:362,18,1,0
BRDA:367,19,0,0
BRDA:367,19,1,0
BRDA:375,20,0,0
BRDA:375,20,1,0
BRDA:377,21,0,0
BRDA:377,21,1,0
BRDA:383,22,0,0
BRDA:383,22,1,0
BRDA:389,23,0,0
BRDA:395,24,0,0
BRDA:398,25,0,0
BRDA:398,25,1,0
BRDA:421,26,0,0
BRDA:421,26,1,0
BRF:41
BRH:0
end_of_record
TN:
SF:src/hooks/useDashboardData.ts
FN:5,(anonymous_7)
FN:15,(anonymous_8)
FN:22,useDashboardWidget
FN:25,(anonymous_10)
FN:25,(anonymous_11)
FN:135,useRefreshDashboard
FN:138,(anonymous_13)
FN:138,(anonymous_14)
FN:146,useDashboardSettings
FN:149,(anonymous_16)
FN:149,(anonymous_17)
FNF:11
FNH:0
FNDA:0,(anonymous_7)
FNDA:0,(anonymous_8)
FNDA:0,useDashboardWidget
FNDA:0,(anonymous_10)
FNDA:0,(anonymous_11)
FNDA:0,useRefreshDashboard
FNDA:0,(anonymous_13)
FNDA:0,(anonymous_14)
FNDA:0,useDashboardSettings
FNDA:0,(anonymous_16)
FNDA:0,(anonymous_17)
DA:1,0
DA:5,0
DA:6,0
DA:8,0
DA:9,0
DA:10,0
DA:12,0
DA:15,0
DA:17,0
DA:18,0
DA:22,0
DA:23,0
DA:25,0
DA:26,0
DA:27,0
DA:29,0
DA:31,0
DA:37,0
DA:38,0
DA:39,0
DA:42,0
DA:43,0
DA:46,0
DA:47,0
DA:49,0
DA:58,0
DA:64,0
DA:65,0
DA:66,0
DA:69,0
DA:70,0
DA:74,0
DA:75,0
DA:83,0
DA:91,0
DA:98,0
DA:107,0
DA:118,0
DA:125,0
DA:135,0
DA:136,0
DA:138,0
DA:139,0
DA:142,0
DA:146,0
DA:147,0
DA:149,0
DA:151,0
LF:48
LH:0
BRDA:6,0,0,0
BRDA:8,1,0,0
BRDA:8,1,1,0
BRDA:9,2,0,0
BRDA:9,2,1,0
BRDA:10,3,0,0
BRDA:10,3,1,0
BRDA:10,4,0,0
BRDA:10,4,1,0
BRDA:10,5,0,0
BRDA:10,5,1,0
BRDA:17,6,0,0
BRDA:17,6,1,0
BRDA:17,7,0,0
BRDA:17,7,1,0
BRDA:17,8,0,0
BRDA:17,8,1,0
BRDA:17,9,0,0
BRDA:17,9,1,0
BRDA:17,10,0,0
BRDA:17,10,1,0
BRDA:17,11,0,0
BRDA:17,11,1,0
BRDA:18,12,0,0
BRDA:18,12,1,0
BRDA:18,13,0,0
BRDA:18,13,1,0
BRDA:27,14,0,0
BRDA:29,15,0,0
BRDA:29,15,1,0
BRDA:29,15,2,0
BRDA:29,15,3,0
BRDA:29,15,4,0
BRDA:29,15,5,0
BRDA:29,15,6,0
BRDA:37,16,0,0
BRDA:42,17,0,0
BRDA:46,18,0,0
BRDA:46,18,1,0
BRDA:53,19,0,0
BRDA:53,19,1,0
BRDA:64,20,0,0
BRDA:69,21,0,0
BRDA:74,22,0,0
BRDA:74,22,1,0
BRDA:74,23,0,0
BRDA:74,23,1,0
BRDA:75,24,0,0
BRDA:75,24,1,0
BRDA:77,25,0,0
BRDA:77,25,1,0
BRDA:78,26,0,0
BRDA:78,26,1,0
BRDA:79,27,0,0
BRDA:79,27,1,0
BRDA:84,28,0,0
BRDA:84,28,1,0
BRDA:85,29,0,0
BRDA:85,29,1,0
BRF:59
BRH:0
end_of_record
TN:
SF:src/hooks/useDiversifiedCategorySelection.ts
FN:19,(anonymous_7)
FN:25,(anonymous_8)
FN:34,(anonymous_9)
FN:43,(anonymous_10)
FN:48,(anonymous_11)
FN:62,(anonymous_12)
FN:63,(anonymous_13)
FN:80,(anonymous_14)
FN:104,(anonymous_15)
FN:105,(anonymous_16)
FN:125,(anonymous_17)
FN:130,(anonymous_18)
FN:151,diversifySelection
FN:153,(anonymous_20)
FN:154,(anonymous_21)
FN:158,(anonymous_22)
FN:159,(anonymous_23)
FN:160,(anonymous_24)
FN:161,(anonymous_25)
FN:169,createFallbackSuggestions
FN:173,(anonymous_27)
FN:196,(anonymous_28)
FN:198,(anonymous_29)
FNF:23
FNH:0
FNDA:0,(anonymous_7)
FNDA:0,(anonymous_8)
FNDA:0,(anonymous_9)
FNDA:0,(anonymous_10)
FNDA:0,(anonymous_11)
FNDA:0,(anonymous_12)
FNDA:0,(anonymous_13)
FNDA:0,(anonymous_14)
FNDA:0,(anonymous_15)
FNDA:0,(anonymous_16)
FNDA:0,(anonymous_17)
FNDA:0,(anonymous_18)
FNDA:0,diversifySelection
FNDA:0,(anonymous_20)
FNDA:0,(anonymous_21)
FNDA:0,(anonymous_22)
FNDA:0,(anonymous_23)
FNDA:0,(anonymous_24)
FNDA:0,(anonymous_25)
FNDA:0,createFallbackSuggestions
FNDA:0,(anonymous_27)
FNDA:0,(anonymous_28)
FNDA:0,(anonymous_29)
DA:1,0
DA:17,0
DA:19,0
DA:20,0
DA:21,0
DA:22,0
DA:25,0
DA:26,0
DA:27,0
DA:28,0
DA:30,0
DA:34,0
DA:35,0
DA:36,0
DA:40,0
DA:43,0
DA:48,0
DA:49,0
DA:50,0
DA:51,0
DA:54,0
DA:55,0
DA:57,0
DA:58,0
DA:61,0
DA:62,0
DA:65,0
DA:69,0
DA:70,0
DA:71,0
DA:74,0
DA:76,0
DA:80,0
DA:97,0
DA:98,0
DA:101,0
DA:104,0
DA:105,0
DA:106,0
DA:109,0
DA:110,0
DA:113,0
DA:114,0
DA:117,0
DA:118,0
DA:120,0
DA:125,0
DA:130,0
DA:132,0
DA:133,0
DA:138,0
DA:141,0
DA:153,0
DA:154,0
DA:157,0
DA:158,0
DA:159,0
DA:160,0
DA:161,0
DA:164,0
DA:165,0
DA:170,0
DA:173,0
DA:174,0
DA:175,0
DA:179,0
DA:180,0
DA:181,0
DA:182,0
DA:184,0
DA:187,0
DA:190,0
DA:192,0
DA:195,0
DA:196,0
DA:198,0
LF:76
LH:0
BRDA:28,0,0,0
BRDA:28,0,1,0
BRDA:47,1,0,0
BRDA:49,2,0,0
BRDA:97,3,0,0
BRDA:101,4,0,0
BRDA:101,4,1,0
BRDA:101,5,0,0
BRDA:101,5,1,0
BRDA:101,6,0,0
BRDA:101,6,1,0
BRDA:106,7,0,0
BRDA:106,7,1,0
BRDA:106,8,0,0
BRDA:106,8,1,0
BRDA:106,9,0,0
BRDA:106,9,1,0
BRDA:114,10,0,0
BRDA:114,10,1,0
BRDA:129,11,0,0
BRDA:179,12,0,0
BRDA:179,13,0,0
BRDA:179,13,1,0
BRDA:180,14,0,0
BRDA:180,15,0,0
BRDA:180,15,1,0
BRDA:181,16,0,0
BRDA:181,17,0,0
BRDA:181,17,1,0
BRDA:182,18,0,0
BRDA:182,19,0,0
BRDA:182,19,1,0
BRDA:184,20,0,0
BRDA:184,21,0,0
BRDA:184,21,1,0
BRDA:187,22,0,0
BRDA:202,23,0,0
BRDA:202,23,1,0
BRF:38
BRH:0
end_of_record
TN:
SF:src/hooks/useEnhancedLeadTracking.ts
FN:40,(anonymous_7)
FN:43,(anonymous_8)
FN:43,(anonymous_9)
FN:107,(anonymous_10)
FN:111,(anonymous_11)
FN:140,(anonymous_12)
FN:145,(anonymous_13)
FN:193,(anonymous_14)
FN:193,(anonymous_15)
FN:214,(anonymous_16)
FN:214,(anonymous_17)
FN:235,(anonymous_18)
FN:235,(anonymous_19)
FNF:13
FNH:0
FNDA:0,(anonymous_7)
FNDA:0,(anonymous_8)
FNDA:0,(anonymous_9)
FNDA:0,(anonymous_10)
FNDA:0,(anonymous_11)
FNDA:0,(anonymous_12)
FNDA:0,(anonymous_13)
FNDA:0,(anonymous_14)
FNDA:0,(anonymous_15)
FNDA:0,(anonymous_16)
FNDA:0,(anonymous_17)
FNDA:0,(anonymous_18)
FNDA:0,(anonymous_19)
DA:1,0
DA:40,0
DA:41,0
DA:43,0
DA:44,0
DA:45,0
DA:47,0
DA:66,0
DA:73,0
DA:74,0
DA:75,0
DA:79,0
DA:80,0
DA:95,0
DA:98,0
DA:100,0
DA:101,0
DA:103,0
DA:107,0
DA:111,0
DA:112,0
DA:113,0
DA:115,0
DA:121,0
DA:126,0
DA:127,0
DA:128,0
DA:131,0
DA:133,0
DA:134,0
DA:136,0
DA:140,0
DA:145,0
DA:146,0
DA:147,0
DA:149,0
DA:157,0
DA:162,0
DA:163,0
DA:164,0
DA:168,0
DA:169,0
DA:181,0
DA:184,0
DA:186,0
DA:187,0
DA:189,0
DA:193,0
DA:194,0
DA:195,0
DA:202,0
DA:203,0
DA:204,0
DA:207,0
DA:209,0
DA:210,0
DA:214,0
DA:215,0
DA:216,0
DA:223,0
DA:224,0
DA:225,0
DA:228,0
DA:230,0
DA:231,0
DA:235,0
DA:236,0
DA:237,0
DA:250,0
DA:254,0
DA:255,0
DA:257,0
DA:258,0
DA:262,0
LF:74
LH:0
BRDA:50,0,0,0
BRDA:50,0,1,0
BRDA:53,1,0,0
BRDA:53,1,1,0
BRDA:53,2,0,0
BRDA:53,2,1,0
BRDA:53,3,0,0
BRDA:53,3,1,0
BRDA:54,4,0,0
BRDA:54,4,1,0
BRDA:55,5,0,0
BRDA:55,5,1,0
BRDA:56,6,0,0
BRDA:56,6,1,0
BRDA:57,7,0,0
BRDA:57,7,1,0
BRDA:58,8,0,0
BRDA:58,8,1,0
BRDA:59,9,0,0
BRDA:59,9,1,0
BRDA:60,10,0,0
BRDA:60,10,1,0
BRDA:61,11,0,0
BRDA:61,11,1,0
BRDA:62,12,0,0
BRDA:62,12,1,0
BRDA:73,13,0,0
BRDA:73,14,0,0
BRDA:73,14,1,0
BRDA:75,15,0,0
BRDA:75,15,1,0
BRDA:75,16,0,0
BRDA:75,16,1,0
BRDA:75,17,0,0
BRDA:75,17,1,0
BRDA:89,18,0,0
BRDA:89,18,1,0
BRDA:117,19,0,0
BRDA:117,19,1,0
BRDA:126,20,0,0
BRDA:152,21,0,0
BRDA:152,21,1,0
BRDA:162,22,0,0
BRDA:176,23,0,0
BRDA:176,23,1,0
BRDA:202,24,0,0
BRDA:207,25,0,0
BRDA:207,25,1,0
BRDA:207,26,0,0
BRDA:207,26,1,0
BRDA:207,27,0,0
BRDA:207,27,1,0
BRDA:223,28,0,0
BRDA:228,29,0,0
BRDA:228,29,1,0
BRDA:242,30,0,0
BRDA:242,30,1,0
BRF:57
BRH:0
end_of_record
TN:
SF:src/hooks/useEnhancedVisibilityCheck.ts
FN:33,useEnhancedVisibilityCheck
FN:37,(anonymous_8)
FN:37,(anonymous_9)
FN:45,(anonymous_10)
FN:77,useCreateVisibilityLead
FN:79,(anonymous_12)
FN:79,(anonymous_13)
FNF:7
FNH:0
FNDA:0,useEnhancedVisibilityCheck
FNDA:0,(anonymous_8)
FNDA:0,(anonymous_9)
FNDA:0,(anonymous_10)
FNDA:0,useCreateVisibilityLead
FNDA:0,(anonymous_12)
FNDA:0,(anonymous_13)
DA:1,0
DA:3,0
DA:33,0
DA:34,0
DA:36,0
DA:37,0
DA:38,0
DA:41,0
DA:46,0
DA:57,0
DA:66,0
DA:67,0
DA:70,0
DA:71,0
DA:72,0
DA:77,0
DA:78,0
DA:79,0
DA:80,0
DA:98,0
DA:105,0
DA:106,0
LF:22
LH:0
BRDA:43,0,0,0
BRDA:43,0,1,0
BRDA:43,0,2,0
BRDA:44,1,0,0
BRDA:44,1,1,0
BRDA:45,2,0,0
BRDA:45,2,1,0
BRDA:50,3,0,0
BRDA:50,3,1,0
BRDA:51,4,0,0
BRDA:51,4,1,0
BRDA:61,5,0,0
BRDA:61,5,1,0
BRDA:61,6,0,0
BRDA:61,6,1,0
BRDA:66,7,0,0
BRDA:81,8,0,0
BRDA:81,8,1,0
BRDA:82,9,0,0
BRDA:82,9,1,0
BRDA:83,10,0,0
BRDA:83,10,1,0
BRDA:84,11,0,0
BRDA:84,11,1,0
BRDA:85,12,0,0
BRDA:85,12,1,0
BRDA:85,13,0,0
BRDA:85,13,1,0
BRDA:85,14,0,0
BRDA:85,14,1,0
BRDA:86,15,0,0
BRDA:86,15,1,0
BRDA:87,16,0,0
BRDA:87,16,1,0
BRDA:88,17,0,0
BRDA:88,17,1,0
BRDA:89,18,0,0
BRDA:89,18,1,0
BRDA:90,19,0,0
BRDA:90,19,1,0
BRDA:92,20,0,0
BRDA:92,20,1,0
BRDA:93,21,0,0
BRDA:93,21,1,0
BRDA:94,22,0,0
BRDA:94,22,1,0
BRDA:105,23,0,0
BRF:47
BRH:0
end_of_record
TN:
SF:src/hooks/useFacebookConversions.ts
FN:42,(anonymous_7)
FN:49,(anonymous_8)
FN:55,(anonymous_9)
FN:87,(anonymous_10)
FN:183,(anonymous_11)
FN:187,(anonymous_12)
FN:203,(anonymous_13)
FN:219,(anonymous_14)
FN:235,(anonymous_15)
FN:242,(anonymous_16)
FN:255,(anonymous_17)
FN:270,(anonymous_18)
FN:271,(anonymous_19)
FN:272,(anonymous_20)
FN:273,(anonymous_21)
FN:274,(anonymous_22)
FN:275,(anonymous_23)
FNF:17
FNH:0
FNDA:0,(anonymous_7)
FNDA:0,(anonymous_8)
FNDA:0,(anonymous_9)
FNDA:0,(anonymous_10)
FNDA:0,(anonymous_11)
FNDA:0,(anonymous_12)
FNDA:0,(anonymous_13)
FNDA:0,(anonymous_14)
FNDA:0,(anonymous_15)
FNDA:0,(anonymous_16)
FNDA:0,(anonymous_17)
FNDA:0,(anonymous_18)
FNDA:0,(anonymous_19)
FNDA:0,(anonymous_20)
FNDA:0,(anonymous_21)
FNDA:0,(anonymous_22)
FNDA:0,(anonymous_23)
DA:2,0
DA:5,0
DA:6,0
DA:42,0
DA:43,0
DA:46,0
DA:47,0
DA:49,0
DA:55,0
DA:56,0
DA:58,0
DA:59,0
DA:60,0
DA:61,0
DA:65,0
DA:66,0
DA:70,0
DA:71,0
DA:75,0
DA:77,0
DA:78,0
DA:79,0
DA:80,0
DA:84,0
DA:85,0
DA:87,0
DA:88,0
DA:89,0
DA:97,0
DA:98,0
DA:102,0
DA:112,0
DA:113,0
DA:114,0
DA:118,0
DA:119,0
DA:135,0
DA:136,0
DA:137,0
DA:138,0
DA:140,0
DA:141,0
DA:152,0
DA:153,0
DA:160,0
DA:162,0
DA:165,0
DA:178,0
DA:183,0
DA:184,0
DA:187,0
DA:192,0
DA:203,0
DA:208,0
DA:219,0
DA:224,0
DA:235,0
DA:239,0
DA:242,0
DA:247,0
DA:255,0
DA:260,0
DA:269,0
DA:270,0
DA:271,0
DA:272,0
DA:273,0
DA:274,0
DA:275,0
DA:278,0
LF:70
LH:0
BRDA:59,0,0,0
BRDA:65,1,0,0
BRDA:70,2,0,0
BRDA:70,3,0,0
BRDA:70,3,1,0
BRDA:75,4,0,0
BRDA:79,5,0,0
BRDA:79,6,0,0
BRDA:79,6,1,0
BRDA:84,7,0,0
BRDA:88,8,0,0
BRDA:97,9,0,0
BRDA:97,10,0,0
BRDA:97,10,1,0
BRDA:112,11,0,0
BRDA:118,12,0,0
BRDA:118,13,0,0
BRDA:118,13,1,0
BRDA:118,14,0,0
BRDA:118,14,1,0
BRDA:118,15,0,0
BRDA:118,15,1,0
BRDA:118,16,0,0
BRDA:118,16,1,0
BRDA:118,17,0,0
BRDA:118,17,1,0
BRDA:120,18,0,0
BRDA:120,18,1,0
BRDA:120,19,0,0
BRDA:120,19,1,0
BRDA:140,20,0,0
BRDA:140,21,0,0
BRDA:140,21,1,0
BRDA:140,21,2,0
BRDA:145,22,0,0
BRDA:145,22,1,0
BRDA:146,23,0,0
BRDA:146,23,1,0
BRDA:147,24,0,0
BRDA:147,24,1,0
BRDA:152,25,0,0
BRDA:155,26,0,0
BRDA:155,26,1,0
BRDA:155,27,0,0
BRDA:155,27,1,0
BRDA:166,28,0,0
BRDA:166,28,1,0
BRDA:166,29,0,0
BRDA:166,29,1,0
BRDA:172,30,0,0
BRDA:172,30,1,0
BRF:51
BRH:0
end_of_record
TN:
SF:src/hooks/useFacebookEventTemplates.ts
FN:6,(anonymous_7)
FN:11,(anonymous_8)
FN:11,(anonymous_9)
FN:28,(anonymous_10)
FN:51,(anonymous_11)
FN:55,(anonymous_12)
FN:56,(anonymous_13)
FN:59,(anonymous_14)
FN:78,(anonymous_15)
FN:121,(anonymous_16)
FNF:10
FNH:0
FNDA:0,(anonymous_7)
FNDA:0,(anonymous_8)
FNDA:0,(anonymous_9)
FNDA:0,(anonymous_10)
FNDA:0,(anonymous_11)
FNDA:0,(anonymous_12)
FNDA:0,(anonymous_13)
FNDA:0,(anonymous_14)
FNDA:0,(anonymous_15)
FNDA:0,(anonymous_16)
DA:2,0
DA:6,0
DA:7,0
DA:8,0
DA:9,0
DA:11,0
DA:12,0
DA:13,0
DA:17,0
DA:23,0
DA:26,0
DA:28,0
DA:40,0
DA:42,0
DA:43,0
DA:45,0
DA:47,0
DA:51,0
DA:52,0
DA:55,0
DA:56,0
DA:59,0
DA:63,0
DA:64,0
DA:65,0
DA:73,0
DA:74,0
DA:75,0
DA:78,0
DA:79,0
DA:80,0
DA:85,0
DA:86,0
DA:89,0
DA:90,0
DA:93,0
DA:94,0
DA:98,0
DA:99,0
DA:102,0
DA:110,0
DA:121,0
LF:42
LH:0
BRDA:23,0,0,0
BRDA:26,1,0,0
BRDA:26,1,1,0
BRDA:32,2,0,0
BRDA:32,2,1,0
BRDA:33,3,0,0
BRDA:33,3,1,0
BRDA:43,4,0,0
BRDA:43,4,1,0
BRDA:56,5,0,0
BRDA:56,5,1,0
BRDA:64,6,0,0
BRDA:79,7,0,0
BRDA:79,8,0,0
BRDA:79,8,1,0
BRDA:79,8,2,0
BRDA:85,9,0,0
BRDA:85,10,0,0
BRDA:85,10,1,0
BRDA:89,11,0,0
BRDA:89,12,0,0
BRDA:89,12,1,0
BRDA:93,13,0,0
BRDA:93,14,0,0
BRDA:93,14,1,0
BRDA:98,15,0,0
BRDA:98,16,0,0
BRDA:98,16,1,0
BRDA:98,17,0,0
BRDA:98,17,1,0
BRDA:98,18,0,0
BRDA:98,18,1,0
BRDA:103,19,0,0
BRDA:103,19,1,0
BRF:34
BRH:0
end_of_record
TN:
SF:src/hooks/useFeatureAccess.ts
FN:13,useFeatureAccess
FN:23,(anonymous_8)
FN:24,(anonymous_9)
FN:24,(anonymous_10)
FN:57,(anonymous_11)
FN:76,(anonymous_12)
FN:91,(anonymous_13)
FN:94,(anonymous_14)
FN:112,(anonymous_15)
FN:113,(anonymous_16)
FN:116,(anonymous_17)
FNF:11
FNH:0
FNDA:0,useFeatureAccess
FNDA:0,(anonymous_8)
FNDA:0,(anonymous_9)
FNDA:0,(anonymous_10)
FNDA:0,(anonymous_11)
FNDA:0,(anonymous_12)
FNDA:0,(anonymous_13)
FNDA:0,(anonymous_14)
FNDA:0,(anonymous_15)
FNDA:0,(anonymous_16)
FNDA:0,(anonymous_17)
DA:1,0
DA:13,0
DA:14,0
DA:15,0
DA:21,0
DA:23,0
DA:24,0
DA:25,0
DA:27,0
DA:28,0
DA:30,0
DA:31,0
DA:32,0
DA:36,0
DA:42,0
DA:43,0
DA:44,0
DA:45,0
DA:48,0
DA:49,0
DA:53,0
DA:55,0
DA:57,0
DA:66,0
DA:68,0
DA:72,0
DA:75,0
DA:77,0
DA:78,0
DA:79,0
DA:80,0
DA:81,0
DA:91,0
DA:94,0
DA:96,0
DA:99,0
DA:101,0
DA:105,0
DA:106,0
DA:109,0
DA:112,0
DA:113,0
DA:116,0
DA:117,0
DA:118,0
DA:119,0
DA:120,0
DA:123,0
LF:48
LH:0
BRDA:30,0,0,0
BRDA:42,1,0,0
BRDA:48,2,0,0
BRDA:49,3,0,0
BRDA:49,3,1,0
BRDA:53,4,0,0
BRDA:53,4,1,0
BRDA:56,5,0,0
BRDA:56,5,1,0
BRDA:59,6,0,0
BRDA:59,6,1,0
BRDA:62,7,0,0
BRDA:62,7,1,0
BRDA:77,8,0,0
BRDA:77,8,1,0
BRDA:77,9,0,0
BRDA:77,9,1,0
BRDA:79,10,0,0
BRDA:96,11,0,0
BRDA:99,12,0,0
BRDA:99,13,0,0
BRDA:99,13,1,0
BRDA:105,14,0,0
BRDA:105,15,0,0
BRDA:105,15,1,0
BRDA:117,16,0,0
BRDA:118,17,0,0
BRDA:119,18,0,0
BRF:28
BRH:0
end_of_record
TN:
SF:src/hooks/useFilePreview.ts
FN:58,useFilePreview
FN:67,(anonymous_8)
FN:72,(anonymous_9)
FN:72,(anonymous_10)
FN:97,(anonymous_11)
FN:108,(anonymous_12)
FN:113,(anonymous_13)
FN:136,(anonymous_14)
FN:137,(anonymous_15)
FNF:9
FNH:0
FNDA:0,useFilePreview
FNDA:0,(anonymous_8)
FNDA:0,(anonymous_9)
FNDA:0,(anonymous_10)
FNDA:0,(anonymous_11)
FNDA:0,(anonymous_12)
FNDA:0,(anonymous_13)
FNDA:0,(anonymous_14)
FNDA:0,(anonymous_15)
DA:5,0
DA:6,0
DA:41,0
DA:58,0
DA:59,0
DA:62,0
DA:63,0
DA:64,0
DA:67,0
DA:68,0
DA:72,0
DA:73,0
DA:74,0
DA:76,0
DA:78,0
DA:79,0
DA:83,0
DA:84,0
DA:85,0
DA:88,0
DA:89,0
DA:90,0
DA:92,0
DA:97,0
DA:99,0
DA:100,0
DA:103,0
DA:104,0
DA:108,0
DA:109,0
DA:113,0
DA:114,0
DA:115,0
DA:116,0
DA:119,0
DA:120,0
DA:121,0
DA:122,0
DA:125,0
DA:126,0
DA:127,0
DA:130,0
DA:131,0
DA:136,0
DA:137,0
DA:138,0
DA:139,0
DA:144,0
DA:159,0
LF:49
LH:0
BRDA:58,0,0,0
BRDA:68,1,0,0
BRDA:68,1,1,0
BRDA:78,2,0,0
BRDA:88,3,0,0
BRDA:88,3,1,0
BRDA:99,4,0,0
BRDA:99,5,0,0
BRDA:99,5,1,0
BRDA:99,6,0,0
BRDA:99,6,1,0
BRDA:99,7,0,0
BRDA:99,7,1,0
BRDA:109,8,0,0
BRDA:109,8,1,0
BRDA:109,9,0,0
BRDA:109,9,1,0
BRDA:109,10,0,0
BRDA:109,10,1,0
BRDA:114,11,0,0
BRDA:114,12,0,0
BRDA:114,12,1,0
BRDA:114,13,0,0
BRDA:114,13,1,0
BRDA:122,14,0,0
BRDA:122,14,1,0
BRDA:122,14,2,0
BRDA:138,15,0,0
BRDA:138,16,0,0
BRDA:138,16,1,0
BRDA:138,17,0,0
BRDA:138,17,1,0
BRDA:138,18,0,0
BRDA:138,18,1,0
BRF:34
BRH:0
end_of_record
TN:
SF:src/hooks/useForecast.ts
FN:39,(anonymous_7)
FN:54,(anonymous_8)
FN:59,(anonymous_9)
FN:62,(anonymous_10)
FN:73,(anonymous_11)
FN:87,(anonymous_12)
FN:93,(anonymous_13)
FN:138,(anonymous_14)
FN:143,(anonymous_15)
FN:150,(anonymous_16)
FN:154,(anonymous_17)
FN:157,(anonymous_18)
FN:179,(anonymous_19)
FN:186,(anonymous_20)
FN:186,(anonymous_21)
FN:196,(anonymous_22)
FN:200,(anonymous_23)
FN:243,(anonymous_24)
FNF:18
FNH:0
FNDA:0,(anonymous_7)
FNDA:0,(anonymous_8)
FNDA:0,(anonymous_9)
FNDA:0,(anonymous_10)
FNDA:0,(anonymous_11)
FNDA:0,(anonymous_12)
FNDA:0,(anonymous_13)
FNDA:0,(anonymous_14)
FNDA:0,(anonymous_15)
FNDA:0,(anonymous_16)
FNDA:0,(anonymous_17)
FNDA:0,(anonymous_18)
FNDA:0,(anonymous_19)
FNDA:0,(anonymous_20)
FNDA:0,(anonymous_21)
FNDA:0,(anonymous_22)
FNDA:0,(anonymous_23)
FNDA:0,(anonymous_24)
DA:5,0
DA:7,0
DA:39,0
DA:47,0
DA:49,0
DA:50,0
DA:51,0
DA:54,0
DA:55,0
DA:59,0
DA:62,0
DA:63,0
DA:64,0
DA:65,0
DA:68,0
DA:69,0
DA:71,0
DA:73,0
DA:75,0
DA:76,0
DA:78,0
DA:79,0
DA:80,0
DA:82,0
DA:87,0
DA:88,0
DA:89,0
DA:93,0
DA:94,0
DA:96,0
DA:97,0
DA:100,0
DA:101,0
DA:102,0
DA:105,0
DA:110,0
DA:117,0
DA:118,0
DA:119,0
DA:120,0
DA:121,0
DA:122,0
DA:123,0
DA:125,0
DA:126,0
DA:129,0
DA:138,0
DA:139,0
DA:140,0
DA:143,0
DA:144,0
DA:146,0
DA:150,0
DA:154,0
DA:155,0
DA:157,0
DA:158,0
DA:160,0
DA:162,0
DA:167,0
DA:179,0
DA:183,0
DA:184,0
DA:186,0
DA:187,0
DA:188,0
DA:189,0
DA:192,0
DA:194,0
DA:196,0
DA:199,0
DA:200,0
DA:203,0
DA:204,0
DA:205,0
DA:208,0
DA:209,0
DA:212,0
DA:213,0
DA:215,0
DA:216,0
DA:218,0
DA:219,0
DA:220,0
DA:221,0
DA:224,0
DA:233,0
DA:235,0
DA:236,0
DA:238,0
DA:243,0
DA:244,0
DA:247,0
DA:254,0
LF:94
LH:0
BRDA:41,0,0,0
BRDA:44,1,0,0
BRDA:45,2,0,0
BRDA:46,3,0,0
BRDA:63,4,0,0
BRDA:78,5,0,0
BRDA:78,5,1,0
BRDA:94,6,0,0
BRDA:101,7,0,0
BRDA:102,8,0,0
BRDA:105,9,0,0
BRDA:105,9,1,0
BRDA:106,10,0,0
BRDA:106,10,1,0
BRDA:118,11,0,0
BRDA:118,11,1,0
BRDA:121,12,0,0
BRDA:121,12,1,0
BRDA:139,13,0,0
BRDA:139,14,0,0
BRDA:139,14,1,0
BRDA:139,14,2,0
BRDA:144,15,0,0
BRDA:155,16,0,0
BRDA:155,17,0,0
BRDA:155,17,1,0
BRDA:160,18,0,0
BRDA:181,19,0,0
BRDA:187,20,0,0
BRDA:215,21,0,0
BRDA:215,22,0,0
BRDA:215,22,1,0
BRDA:218,23,0,0
BRDA:218,23,1,0
BRDA:220,24,0,0
BRF:35
BRH:0
end_of_record
TN:
SF:src/hooks/useGmbCategories.ts
FN:27,(anonymous_7)
FN:30,(anonymous_8)
FN:30,(anonymous_9)
FN:46,(anonymous_10)
FN:49,(anonymous_11)
FN:49,(anonymous_12)
FN:67,(anonymous_13)
FN:70,(anonymous_14)
FN:70,(anonymous_15)
FN:87,(anonymous_16)
FN:90,(anonymous_17)
FN:90,(anonymous_18)
FN:114,(anonymous_19)
FN:117,(anonymous_20)
FN:117,(anonymous_21)
FNF:15
FNH:0
FNDA:0,(anonymous_7)
FNDA:0,(anonymous_8)
FNDA:0,(anonymous_9)
FNDA:0,(anonymous_10)
FNDA:0,(anonymous_11)
FNDA:0,(anonymous_12)
FNDA:0,(anonymous_13)
FNDA:0,(anonymous_14)
FNDA:0,(anonymous_15)
FNDA:0,(anonymous_16)
FNDA:0,(anonymous_17)
FNDA:0,(anonymous_18)
FNDA:0,(anonymous_19)
FNDA:0,(anonymous_20)
FNDA:0,(anonymous_21)
DA:2,0
DA:27,0
DA:28,0
DA:30,0
DA:31,0
DA:36,0
DA:37,0
DA:38,0
DA:41,0
DA:46,0
DA:47,0
DA:49,0
DA:51,0
DA:57,0
DA:58,0
DA:59,0
DA:62,0
DA:67,0
DA:68,0
DA:70,0
DA:71,0
DA:77,0
DA:78,0
DA:79,0
DA:82,0
DA:87,0
DA:88,0
DA:90,0
DA:91,0
DA:96,0
DA:97,0
DA:99,0
DA:102,0
DA:104,0
DA:105,0
DA:106,0
DA:109,0
DA:114,0
DA:115,0
DA:117,0
DA:118,0
DA:119,0
DA:122,0
DA:129,0
DA:130,0
DA:131,0
DA:134,0
LF:47
LH:0
BRDA:36,0,0,0
BRDA:57,1,0,0
BRDA:77,2,0,0
BRDA:96,3,0,0
BRDA:96,3,1,0
BRDA:104,4,0,0
BRDA:118,5,0,0
BRDA:118,6,0,0
BRDA:118,6,1,0
BRDA:129,7,0,0
BRF:10
BRH:0
end_of_record
TN:
SF:src/hooks/useGoogleConnection.ts
FN:6,useGoogleConnection
FN:9,(anonymous_8)
FN:9,(anonymous_9)
FNF:3
FNH:0
FNDA:0,useGoogleConnection
FNDA:0,(anonymous_8)
FNDA:0,(anonymous_9)
DA:2,0
DA:6,0
DA:7,0
DA:9,0
DA:10,0
DA:11,0
DA:14,0
DA:22,0
DA:29,0
DA:30,0
DA:31,0
DA:37,0
DA:40,0
DA:42,0
LF:14
LH:0
BRDA:11,0,0,0
BRDA:30,1,0,0
BRDA:40,2,0,0
BRDA:40,2,1,0
BRDA:40,3,0,0
BRDA:40,3,1,0
BRDA:40,4,0,0
BRDA:40,4,1,0
BRDA:40,5,0,0
BRDA:40,5,1,0
BRDA:40,6,0,0
BRDA:40,6,1,0
BRF:12
BRH:0
end_of_record
TN:
SF:src/hooks/useI18nValidation.ts
FN:17,(anonymous_0)
FN:20,(anonymous_1)
FN:56,(anonymous_2)
FN:60,(anonymous_3)
FNF:4
FNH:0
FNDA:0,(anonymous_0)
FNDA:0,(anonymous_1)
FNDA:0,(anonymous_2)
FNDA:0,(anonymous_3)
DA:2,0
DA:3,0
DA:17,0
DA:18,0
DA:20,0
DA:21,0
DA:24,0
DA:25,0
DA:26,0
DA:29,0
DA:50,0
DA:53,0
DA:56,0
DA:57,0
DA:60,0
DA:61,0
DA:64,0
LF:17
LH:0
BRDA:17,0,0,0
BRDA:24,1,0,0
BRDA:24,2,0,0
BRDA:24,2,1,0
BRDA:50,3,0,0
BRDA:50,3,1,0
BRDA:50,3,2,0
BRF:7
BRH:0
end_of_record
TN:
SF:src/hooks/useKpi.ts
FN:8,useKpi
FN:11,(anonymous_8)
FN:11,(anonymous_9)
FN:14,(anonymous_10)
FNF:4
FNH:0
FNDA:0,useKpi
FNDA:0,(anonymous_8)
FNDA:0,(anonymous_9)
FNDA:0,(anonymous_10)
DA:2,0
DA:4,0
DA:6,0
DA:8,0
DA:9,0
DA:11,0
DA:12,0
DA:14,0
DA:15,0
DA:19,0
DA:23,0
DA:24,0
LF:12
LH:0
BRDA:12,0,0,0
BRDA:15,1,0,0
BRDA:15,1,1,0
BRDA:23,2,0,0
BRF:4
BRH:0
end_of_record
TN:
SF:src/hooks/useKpiSummary.ts
FN:6,useKpiSummary
FN:9,(anonymous_8)
FN:9,(anonymous_9)
FNF:3
FNH:0
FNDA:0,useKpiSummary
FNDA:0,(anonymous_8)
FNDA:0,(anonymous_9)
DA:2,0
DA:6,0
DA:7,0
DA:9,0
DA:10,0
DA:11,0
DA:13,0
DA:20,0
DA:23,0
DA:31,0
DA:32,0
DA:33,0
DA:35,0
DA:38,0
DA:39,0
DA:40,0
DA:43,0
DA:44,0
DA:48,0
DA:63,0
LF:20
LH:0
BRDA:11,0,0,0
BRDA:20,1,0,0
BRDA:31,2,0,0
BRDA:31,2,1,0
BRDA:31,3,0,0
BRDA:31,3,1,0
BRDA:31,4,0,0
BRDA:31,4,1,0
BRDA:32,5,0,0
BRDA:32,5,1,0
BRDA:32,6,0,0
BRDA:32,6,1,0
BRDA:32,7,0,0
BRDA:32,7,1,0
BRDA:33,8,0,0
BRDA:33,8,1,0
BRDA:33,9,0,0
BRDA:33,9,1,0
BRDA:33,10,0,0
BRDA:33,10,1,0
BRDA:38,11,0,0
BRDA:38,11,1,0
BRDA:38,12,0,0
BRDA:38,12,1,0
BRDA:38,13,0,0
BRDA:38,13,1,0
BRDA:39,14,0,0
BRDA:39,14,1,0
BRDA:39,15,0,0
BRDA:39,15,1,0
BRDA:39,16,0,0
BRDA:39,16,1,0
BRDA:40,17,0,0
BRDA:40,17,1,0
BRDA:40,18,0,0
BRDA:40,18,1,0
BRDA:40,19,0,0
BRDA:40,19,1,0
BRDA:43,20,0,0
BRDA:43,20,1,0
BRDA:43,21,0,0
BRDA:43,21,1,0
BRDA:44,22,0,0
BRDA:44,22,1,0
BRDA:44,23,0,0
BRDA:44,23,1,0
BRDA:52,24,0,0
BRDA:52,24,1,0
BRDA:57,25,0,0
BRDA:57,25,1,0
BRDA:57,26,0,0
BRDA:57,26,1,0
BRDA:57,27,0,0
BRDA:57,27,1,0
BRDA:58,28,0,0
BRDA:58,28,1,0
BRF:56
BRH:0
end_of_record
TN:
SF:src/hooks/useLanguage.ts
FN:11,(anonymous_0)
FN:16,(anonymous_1)
FN:20,(anonymous_2)
FNF:3
FNH:0
FNDA:0,(anonymous_0)
FNDA:0,(anonymous_1)
FNDA:0,(anonymous_2)
DA:1,0
DA:11,0
DA:12,0
DA:14,0
DA:16,0
DA:17,0
DA:20,0
DA:21,0
DA:22,0
DA:25,0
LF:10
LH:0
BRDA:14,0,0,0
BRDA:14,0,1,0
BRDA:14,1,0,0
BRDA:14,1,1,0
BRDA:22,2,0,0
BRDA:22,2,1,0
BRDA:22,3,0,0
BRDA:22,3,1,0
BRF:8
BRH:0
end_of_record
TN:
SF:src/hooks/useLeadTracking.ts
FN:29,(anonymous_7)
FN:33,(anonymous_8)
FN:33,(anonymous_9)
FN:93,(anonymous_10)
FN:93,(anonymous_11)
FN:136,(anonymous_12)
FN:141,(anonymous_13)
FN:180,(anonymous_14)
FN:180,(anonymous_15)
FN:196,(anonymous_16)
FN:201,(anonymous_17)
FN:230,(anonymous_18)
FNF:12
FNH:0
FNDA:0,(anonymous_7)
FNDA:0,(anonymous_8)
FNDA:0,(anonymous_9)
FNDA:0,(anonymous_10)
FNDA:0,(anonymous_11)
FNDA:0,(anonymous_12)
FNDA:0,(anonymous_13)
FNDA:0,(anonymous_14)
FNDA:0,(anonymous_15)
FNDA:0,(anonymous_16)
FNDA:0,(anonymous_17)
FNDA:0,(anonymous_18)
DA:2,0
DA:5,0
DA:29,0
DA:30,0
DA:31,0
DA:33,0
DA:34,0
DA:35,0
DA:37,0
DA:52,0
DA:58,0
DA:61,0
DA:63,0
DA:79,0
DA:81,0
DA:82,0
DA:87,0
DA:89,0
DA:93,0
DA:94,0
DA:95,0
DA:106,0
DA:112,0
DA:115,0
DA:117,0
DA:129,0
DA:131,0
DA:132,0
DA:136,0
DA:141,0
DA:142,0
DA:143,0
DA:151,0
DA:157,0
DA:160,0
DA:162,0
DA:173,0
DA:175,0
DA:176,0
DA:180,0
DA:181,0
DA:183,0
DA:188,0
DA:189,0
DA:191,0
DA:192,0
DA:196,0
DA:201,0
DA:202,0
DA:204,0
DA:210,0
DA:211,0
DA:213,0
DA:214,0
DA:216,0
DA:217,0
DA:219,0
DA:220,0
DA:223,0
DA:225,0
DA:228,0
DA:230,0
DA:246,0
DA:248,0
DA:249,0
DA:253,0
LF:66
LH:0
BRDA:47,0,0,0
BRDA:47,0,1,0
BRDA:58,1,0,0
BRDA:70,2,0,0
BRDA:70,2,1,0
BRDA:76,3,0,0
BRDA:76,3,1,0
BRDA:112,4,0,0
BRDA:139,5,0,0
BRDA:157,6,0,0
BRDA:166,7,0,0
BRDA:166,7,1,0
BRDA:180,8,0,0
BRDA:188,9,0,0
BRDA:210,10,0,0
BRDA:210,11,0,0
BRDA:210,11,1,0
BRDA:210,12,0,0
BRDA:210,12,1,0
BRDA:213,13,0,0
BRDA:213,14,0,0
BRDA:213,14,1,0
BRDA:213,15,0,0
BRDA:213,15,1,0
BRDA:216,16,0,0
BRDA:216,17,0,0
BRDA:216,17,1,0
BRDA:216,18,0,0
BRDA:216,18,1,0
BRDA:219,19,0,0
BRDA:219,20,0,0
BRDA:219,20,1,0
BRDA:219,21,0,0
BRDA:219,21,1,0
BRDA:225,22,0,0
BRDA:228,23,0,0
BRDA:228,23,1,0
BRDA:237,24,0,0
BRDA:237,24,1,0
BRDA:243,25,0,0
BRDA:243,25,1,0
BRF:41
BRH:0
end_of_record
TN:
SF:src/hooks/useLocalStorage.ts
FN:44,(anonymous_0)
FN:56,useLocalStorage
FN:72,(anonymous_2)
FN:116,(anonymous_3)
FN:135,(anonymous_4)
FN:150,useUIMode
FN:156,(anonymous_6)
FN:170,(anonymous_7)
FN:199,useOnboardingStorage
FN:212,(anonymous_9)
FN:231,(anonymous_10)
FNF:11
FNH:0
FNDA:0,(anonymous_0)
FNDA:0,useLocalStorage
FNDA:0,(anonymous_2)
FNDA:0,(anonymous_3)
FNDA:0,(anonymous_4)
FNDA:0,useUIMode
FNDA:0,(anonymous_6)
FNDA:0,(anonymous_7)
FNDA:0,useOnboardingStorage
FNDA:0,(anonymous_9)
FNDA:0,(anonymous_10)
DA:15,0
DA:44,0
DA:45,0
DA:56,0
DA:66,0
DA:68,0
DA:69,0
DA:72,0
DA:73,0
DA:74,0
DA:75,0
DA:76,0
DA:79,0
DA:80,0
DA:81,0
DA:82,0
DA:83,0
DA:86,0
DA:89,0
DA:90,0
DA:91,0
DA:92,0
DA:93,0
DA:95,0
DA:96,0
DA:97,0
DA:98,0
DA:99,0
DA:104,0
DA:105,0
DA:107,0
DA:108,0
DA:109,0
DA:111,0
DA:116,0
DA:117,0
DA:118,0
DA:120,0
DA:127,0
DA:128,0
DA:130,0
DA:135,0
DA:136,0
DA:137,0
DA:138,0
DA:140,0
DA:144,0
DA:150,0
DA:153,0
DA:154,0
DA:156,0
DA:157,0
DA:159,0
DA:160,0
DA:161,0
DA:162,0
DA:164,0
DA:167,0
DA:170,0
DA:171,0
DA:174,0
DA:175,0
DA:186,0
DA:199,0
DA:206,0
DA:212,0
DA:213,0
DA:220,0
DA:231,0
DA:232,0
DA:233,0
DA:235,0
DA:236,0
DA:237,0
DA:238,0
DA:240,0
DA:243,0
DA:244,0
DA:245,0
DA:246,0
DA:248,0
DA:249,0
DA:250,0
DA:255,0
DA:259,0
LF:85
LH:0
BRDA:59,0,0,0
BRDA:63,1,0,0
BRDA:64,2,0,0
BRDA:65,3,0,0
BRDA:74,4,0,0
BRDA:80,5,0,0
BRDA:89,6,0,0
BRDA:89,7,0,0
BRDA:89,7,1,0
BRDA:93,8,0,0
BRDA:93,8,1,0
BRDA:93,8,2,0
BRDA:95,9,0,0
BRDA:104,10,0,0
BRDA:104,10,1,0
BRDA:118,11,0,0
BRDA:118,11,1,0
BRDA:124,12,0,0
BRDA:124,12,1,0
BRDA:159,13,0,0
BRDA:159,13,1,0
BRDA:162,14,0,0
BRDA:162,14,1,0
BRDA:162,15,0,0
BRDA:162,15,1,0
BRDA:212,16,0,0
BRDA:238,17,0,0
BRDA:243,18,0,0
BRDA:243,19,0,0
BRDA:243,19,1,0
BRDA:248,20,0,0
BRF:31
BRH:0
end_of_record
TN:
SF:src/hooks/useMainCategoryMapping.ts
FN:39,(anonymous_0)
FN:43,(anonymous_1)
FN:45,(anonymous_2)
FN:52,(anonymous_3)
FN:59,(anonymous_4)
FN:63,(anonymous_5)
FN:67,(anonymous_6)
FNF:7
FNH:0
FNDA:0,(anonymous_0)
FNDA:0,(anonymous_1)
FNDA:0,(anonymous_2)
FNDA:0,(anonymous_3)
FNDA:0,(anonymous_4)
FNDA:0,(anonymous_5)
FNDA:0,(anonymous_6)
DA:1,0
DA:2,0
DA:39,0
DA:43,0
DA:44,0
DA:45,0
DA:52,0
DA:53,0
DA:57,0
DA:59,0
DA:60,0
DA:63,0
DA:64,0
DA:67,0
DA:68,0
DA:71,0
LF:16
LH:0
BRDA:53,0,0,0
BRDA:53,0,1,0
BRDA:67,1,0,0
BRF:3
BRH:0
end_of_record
TN:
SF:src/hooks/useMainCategoryMappingNew.ts
FN:19,useMainCategoryMappingNew
FN:23,(anonymous_8)
FN:24,(anonymous_9)
FN:24,(anonymous_10)
FN:46,(anonymous_11)
FN:47,(anonymous_12)
FN:50,(anonymous_13)
FN:52,(anonymous_14)
FN:53,(anonymous_15)
FN:56,(anonymous_16)
FN:57,(anonymous_17)
FN:60,(anonymous_18)
FN:61,(anonymous_19)
FN:66,(anonymous_20)
FNF:14
FNH:0
FNDA:0,useMainCategoryMappingNew
FNDA:0,(anonymous_8)
FNDA:0,(anonymous_9)
FNDA:0,(anonymous_10)
FNDA:0,(anonymous_11)
FNDA:0,(anonymous_12)
FNDA:0,(anonymous_13)
FNDA:0,(anonymous_14)
FNDA:0,(anonymous_15)
FNDA:0,(anonymous_16)
FNDA:0,(anonymous_17)
FNDA:0,(anonymous_18)
FNDA:0,(anonymous_19)
FNDA:0,(anonymous_20)
DA:1,0
DA:19,0
DA:20,0
DA:21,0
DA:23,0
DA:24,0
DA:25,0
DA:27,0
DA:33,0
DA:34,0
DA:37,0
DA:39,0
DA:42,0
DA:46,0
DA:47,0
DA:50,0
DA:51,0
DA:52,0
DA:53,0
DA:56,0
DA:57,0
DA:60,0
DA:61,0
DA:62,0
DA:66,0
DA:67,0
DA:70,0
LF:27
LH:0
BRDA:33,0,0,0
BRDA:33,1,0,0
BRDA:33,1,1,0
BRDA:47,2,0,0
BRDA:47,2,1,0
BRDA:47,3,0,0
BRDA:47,3,1,0
BRDA:47,4,0,0
BRDA:47,4,1,0
BRDA:47,5,0,0
BRDA:47,5,1,0
BRDA:56,6,0,0
BRDA:57,7,0,0
BRDA:57,7,1,0
BRDA:57,8,0,0
BRDA:57,8,1,0
BRDA:57,9,0,0
BRDA:57,9,1,0
BRDA:57,10,0,0
BRDA:57,10,1,0
BRDA:57,11,0,0
BRDA:57,11,1,0
BRDA:62,12,0,0
BRDA:62,12,1,0
BRDA:62,13,0,0
BRDA:62,13,1,0
BRDA:62,14,0,0
BRDA:62,14,1,0
BRDA:62,15,0,0
BRDA:62,15,1,0
BRF:30
BRH:0
end_of_record
TN:
SF:src/hooks/useNewServicePackages.ts
FN:32,(anonymous_7)
FN:35,(anonymous_8)
FN:35,(anonymous_9)
FN:61,(anonymous_10)
FN:69,(anonymous_11)
FN:73,(anonymous_12)
FN:76,(anonymous_13)
FN:76,(anonymous_14)
FNF:8
FNH:0
FNDA:0,(anonymous_7)
FNDA:0,(anonymous_8)
FNDA:0,(anonymous_9)
FNDA:0,(anonymous_10)
FNDA:0,(anonymous_11)
FNDA:0,(anonymous_12)
FNDA:0,(anonymous_13)
FNDA:0,(anonymous_14)
DA:8,0
DA:32,0
DA:33,0
DA:35,0
DA:36,0
DA:38,0
DA:46,0
DA:48,0
DA:49,0
DA:50,0
DA:53,0
DA:54,0
DA:55,0
DA:58,0
DA:61,0
DA:66,0
DA:69,0
DA:73,0
DA:74,0
DA:76,0
DA:77,0
DA:83,0
DA:84,0
DA:87,0
LF:24
LH:0
BRDA:48,0,0,0
BRDA:53,1,0,0
BRDA:63,2,0,0
BRDA:63,2,1,0
BRDA:63,3,0,0
BRDA:63,3,1,0
BRDA:83,4,0,0
BRF:7
BRH:0
end_of_record
TN:
SF:src/hooks/useOnboardingPersistence.ts
FN:16,(anonymous_0)
FN:21,(anonymous_1)
FN:44,(anonymous_2)
FN:66,(anonymous_3)
FN:70,(anonymous_4)
FNF:5
FNH:0
FNDA:0,(anonymous_0)
FNDA:0,(anonymous_1)
FNDA:0,(anonymous_2)
FNDA:0,(anonymous_3)
FNDA:0,(anonymous_4)
DA:2,0
DA:3,0
DA:4,0
DA:5,0
DA:7,0
DA:16,0
DA:17,0
DA:18,0
DA:19,0
DA:21,0
DA:22,0
DA:23,0
DA:30,0
DA:33,0
DA:34,0
DA:40,0
DA:44,0
DA:45,0
DA:46,0
DA:47,0
DA:50,0
DA:51,0
DA:52,0
DA:55,0
DA:60,0
DA:61,0
DA:62,0
DA:66,0
DA:67,0
DA:70,0
DA:71,0
DA:72,0
DA:73,0
DA:74,0
DA:78,0
DA:80,0
DA:83,0
LF:37
LH:0
BRDA:33,0,0,0
BRDA:47,1,0,0
BRDA:50,2,0,0
BRDA:72,3,0,0
BRDA:72,4,0,0
BRDA:72,4,1,0
BRF:6
BRH:0
end_of_record
TN:
SF:src/hooks/useOnboardingQuestions.ts
FN:45,(anonymous_7)
FN:52,(anonymous_8)
FN:52,(anonymous_9)
FN:67,(anonymous_10)
FN:85,(anonymous_11)
FN:85,(anonymous_12)
FN:110,(anonymous_13)
FN:110,(anonymous_14)
FN:126,(anonymous_15)
FN:134,(anonymous_16)
FN:138,(anonymous_17)
FN:158,(anonymous_18)
FN:162,(anonymous_19)
FN:173,(anonymous_20)
FN:188,(anonymous_21)
FNF:15
FNH:0
FNDA:0,(anonymous_7)
FNDA:0,(anonymous_8)
FNDA:0,(anonymous_9)
FNDA:0,(anonymous_10)
FNDA:0,(anonymous_11)
FNDA:0,(anonymous_12)
FNDA:0,(anonymous_13)
FNDA:0,(anonymous_14)
FNDA:0,(anonymous_15)
FNDA:0,(anonymous_16)
FNDA:0,(anonymous_17)
FNDA:0,(anonymous_18)
FNDA:0,(anonymous_19)
FNDA:0,(anonymous_20)
FNDA:0,(anonymous_21)
DA:2,0
DA:45,0
DA:46,0
DA:47,0
DA:48,0
DA:49,0
DA:52,0
DA:53,0
DA:54,0
DA:59,0
DA:60,0
DA:62,0
DA:63,0
DA:67,0
DA:77,0
DA:79,0
DA:80,0
DA:85,0
DA:86,0
DA:87,0
DA:89,0
DA:95,0
DA:96,0
DA:99,0
DA:101,0
DA:102,0
DA:103,0
DA:104,0
DA:105,0
DA:109,0
DA:110,0
DA:111,0
DA:125,0
DA:126,0
DA:127,0
DA:128,0
DA:130,0
DA:133,0
DA:134,0
DA:138,0
DA:145,0
DA:149,0
DA:151,0
DA:152,0
DA:154,0
DA:158,0
DA:159,0
DA:162,0
DA:164,0
DA:165,0
DA:169,0
DA:173,0
DA:178,0
DA:179,0
DA:181,0
DA:182,0
DA:184,0
DA:188,0
DA:192,0
DA:193,0
DA:194,0
DA:197,0
DA:198,0
DA:199,0
DA:202,0
LF:65
LH:0
BRDA:59,0,0,0
BRDA:67,1,0,0
BRDA:67,1,1,0
BRDA:74,2,0,0
BRDA:74,2,1,0
BRDA:95,3,0,0
BRDA:101,4,0,0
BRDA:110,5,0,0
BRDA:110,5,1,0
BRDA:118,6,0,0
BRDA:118,6,1,0
BRDA:120,7,0,0
BRDA:120,7,1,0
BRDA:121,8,0,0
BRDA:121,8,1,0
BRDA:125,9,0,0
BRDA:125,10,0,0
BRDA:125,10,1,0
BRDA:125,10,2,0
BRDA:125,10,3,0
BRDA:127,11,0,0
BRDA:127,12,0,0
BRDA:127,12,1,0
BRDA:127,12,2,0
BRDA:127,12,3,0
BRDA:127,12,4,0
BRDA:127,12,5,0
BRDA:164,13,0,0
BRDA:164,14,0,0
BRDA:164,14,1,0
BRDA:178,15,0,0
BRDA:178,15,1,0
BRDA:178,16,0,0
BRDA:178,16,1,0
BRDA:179,17,0,0
BRDA:181,18,0,0
BRDA:181,18,1,0
BRDA:181,19,0,0
BRDA:181,19,1,0
BRDA:182,20,0,0
BRDA:184,21,0,0
BRDA:184,21,1,0
BRDA:192,22,0,0
BRDA:192,22,1,0
BRDA:192,23,0,0
BRDA:192,23,1,0
BRDA:193,24,0,0
BRDA:193,25,0,0
BRDA:193,25,1,0
BRDA:197,26,0,0
BRDA:197,26,1,0
BRDA:197,27,0,0
BRDA:197,27,1,0
BRDA:198,28,0,0
BRDA:198,29,0,0
BRDA:198,29,1,0
BRF:56
BRH:0
end_of_record
TN:
SF:src/hooks/usePartnerProfile.ts
FN:5,usePartnerProfile
FN:8,(anonymous_8)
FN:8,(anonymous_9)
FNF:3
FNH:0
FNDA:0,usePartnerProfile
FNDA:0,(anonymous_8)
FNDA:0,(anonymous_9)
DA:2,0
DA:5,0
DA:6,0
DA:8,0
DA:9,0
DA:10,0
DA:12,0
DA:18,0
DA:20,0
DA:26,0
LF:10
LH:0
BRDA:10,0,0,0
BRDA:18,1,0,0
BRDA:29,2,0,0
BRDA:29,2,1,0
BRDA:29,2,2,0
BRDA:29,2,3,0
BRDA:29,3,0,0
BRDA:29,3,1,0
BRDA:29,4,0,0
BRDA:29,4,1,0
BRDA:29,5,0,0
BRDA:29,5,1,0
BRDA:29,6,0,0
BRDA:29,6,1,0
BRDA:29,7,0,0
BRDA:29,7,1,0
BRDA:29,8,0,0
BRDA:29,8,1,0
BRDA:29,9,0,0
BRDA:29,9,1,0
BRDA:29,10,0,0
BRDA:29,10,1,0
BRF:22
BRH:0
end_of_record
TN:
SF:src/hooks/useProfile.ts
FN:21,useProfile
FN:27,(anonymous_8)
FN:36,(anonymous_9)
FN:36,(anonymous_10)
FN:61,(anonymous_11)
FN:61,(anonymous_12)
FNF:6
FNH:0
FNDA:0,useProfile
FNDA:0,(anonymous_8)
FNDA:0,(anonymous_9)
FNDA:0,(anonymous_10)
FNDA:0,(anonymous_11)
FNDA:0,(anonymous_12)
DA:1,0
DA:2,0
DA:21,0
DA:22,0
DA:23,0
DA:24,0
DA:25,0
DA:27,0
DA:28,0
DA:29,0
DA:30,0
DA:33,0
DA:34,0
DA:36,0
DA:37,0
DA:38,0
DA:44,0
DA:45,0
DA:46,0
DA:48,0
DA:51,0
DA:52,0
DA:54,0
DA:58,0
DA:61,0
DA:62,0
DA:64,0
DA:65,0
DA:67,0
DA:72,0
DA:73,0
DA:74,0
DA:75,0
DA:76,0
DA:80,0
DA:86,0
DA:87,0
DA:90,0
DA:91,0
DA:94,0
LF:40
LH:0
BRDA:28,0,0,0
BRDA:44,1,0,0
BRDA:44,1,1,0
BRDA:62,2,0,0
BRDA:72,3,0,0
BRDA:86,4,0,0
BRF:6
BRH:0
end_of_record
TN:
SF:src/hooks/useRealtimeConnection.ts
FN:11,useRealtimeConnection
FN:21,(anonymous_1)
FN:24,(anonymous_2)
FN:33,(anonymous_3)
FN:39,(anonymous_4)
FN:53,(anonymous_5)
FN:68,(anonymous_6)
FN:82,(anonymous_7)
FN:83,(anonymous_8)
FN:86,(anonymous_9)
FN:95,(anonymous_10)
FN:102,(anonymous_11)
FNF:12
FNH:0
FNDA:0,useRealtimeConnection
FNDA:0,(anonymous_1)
FNDA:0,(anonymous_2)
FNDA:0,(anonymous_3)
FNDA:0,(anonymous_4)
FNDA:0,(anonymous_5)
FNDA:0,(anonymous_6)
FNDA:0,(anonymous_7)
FNDA:0,(anonymous_8)
FNDA:0,(anonymous_9)
FNDA:0,(anonymous_10)
FNDA:0,(anonymous_11)
DA:1,0
DA:3,0
DA:11,0
DA:16,0
DA:17,0
DA:18,0
DA:19,0
DA:21,0
DA:22,0
DA:24,0
DA:25,0
DA:26,0
DA:28,0
DA:29,0
DA:33,0
DA:36,0
DA:39,0
DA:40,0
DA:46,0
DA:49,0
DA:50,0
DA:52,0
DA:53,0
DA:54,0
DA:55,0
DA:57,0
DA:58,0
DA:59,0
DA:64,0
DA:65,0
DA:68,0
DA:69,0
DA:71,0
DA:72,0
DA:73,0
DA:75,0
DA:82,0
DA:83,0
DA:84,0
DA:86,0
DA:87,0
DA:88,0
DA:94,0
DA:95,0
DA:98,0
DA:103,0
DA:104,0
DA:106,0
DA:107,0
LF:49
LH:0
BRDA:13,0,0,0
BRDA:14,1,0,0
BRDA:22,2,0,0
BRDA:28,3,0,0
BRDA:28,4,0,0
BRDA:28,4,1,0
BRDA:52,5,0,0
BRDA:57,6,0,0
BRDA:71,7,0,0
BRDA:84,8,0,0
BRDA:84,9,0,0
BRDA:84,9,1,0
BRDA:87,10,0,0
BRDA:103,11,0,0
BRF:14
BRH:0
end_of_record
TN:
SF:src/hooks/useRecommendations.ts
FN:32,useRecommendations
FN:48,(anonymous_1)
FN:76,(anonymous_2)
FN:81,(anonymous_3)
FN:87,(anonymous_4)
FN:90,(anonymous_5)
FN:94,(anonymous_6)
FN:123,useBatchRecommendations
FN:139,(anonymous_8)
FN:168,(anonymous_9)
FN:173,(anonymous_10)
FN:194,(anonymous_11)
FN:198,(anonymous_12)
FN:204,(anonymous_13)
FN:207,(anonymous_14)
FN:211,(anonymous_15)
FN:228,useTriggerMonitoring
FN:233,(anonymous_17)
FNF:18
FNH:0
FNDA:0,useRecommendations
FNDA:0,(anonymous_1)
FNDA:0,(anonymous_2)
FNDA:0,(anonymous_3)
FNDA:0,(anonymous_4)
FNDA:0,(anonymous_5)
FNDA:0,(anonymous_6)
FNDA:0,useBatchRecommendations
FNDA:0,(anonymous_8)
FNDA:0,(anonymous_9)
FNDA:0,(anonymous_10)
FNDA:0,(anonymous_11)
FNDA:0,(anonymous_12)
FNDA:0,(anonymous_13)
FNDA:0,(anonymous_14)
FNDA:0,(anonymous_15)
FNDA:0,useTriggerMonitoring
FNDA:0,(anonymous_17)
DA:5,0
DA:8,0
DA:12,0
DA:32,0
DA:42,0
DA:44,0
DA:45,0
DA:48,0
DA:49,0
DA:50,0
DA:53,0
DA:55,0
DA:58,0
DA:65,0
DA:70,0
DA:71,0
DA:76,0
DA:77,0
DA:78,0
DA:81,0
DA:82,0
DA:87,0
DA:88,0
DA:90,0
DA:91,0
DA:94,0
DA:97,0
DA:123,0
DA:133,0
DA:135,0
DA:136,0
DA:139,0
DA:140,0
DA:141,0
DA:149,0
DA:151,0
DA:158,0
DA:161,0
DA:162,0
DA:163,0
DA:167,0
DA:168,0
DA:172,0
DA:173,0
DA:176,0
DA:183,0
DA:184,0
DA:194,0
DA:195,0
DA:196,0
DA:198,0
DA:199,0
DA:204,0
DA:205,0
DA:207,0
DA:208,0
DA:211,0
DA:214,0
DA:228,0
DA:233,0
DA:234,0
DA:236,0
DA:239,0
DA:240,0
DA:241,0
DA:242,0
DA:244,0
DA:254,0
LF:68
LH:0
BRDA:35,0,0,0
BRDA:40,1,0,0
BRDA:41,2,0,0
BRDA:49,3,0,0
BRDA:49,4,0,0
BRDA:49,4,1,0
BRDA:88,5,0,0
BRDA:125,6,0,0
BRDA:130,7,0,0
BRDA:131,8,0,0
BRDA:132,9,0,0
BRDA:140,10,0,0
BRDA:140,11,0,0
BRDA:140,11,1,0
BRDA:168,12,0,0
BRDA:168,12,1,0
BRDA:205,13,0,0
BRDA:234,14,0,0
BRDA:234,15,0,0
BRDA:234,15,1,0
BRDA:239,16,0,0
BRDA:239,16,1,0
BRDA:239,17,0,0
BRDA:239,17,1,0
BRDA:239,18,0,0
BRDA:239,18,1,0
BRDA:240,19,0,0
BRDA:240,19,1,0
BRDA:240,20,0,0
BRDA:240,20,1,0
BRDA:240,21,0,0
BRDA:240,21,1,0
BRDA:241,22,0,0
BRDA:241,22,1,0
BRDA:241,23,0,0
BRDA:241,23,1,0
BRDA:241,24,0,0
BRDA:241,24,1,0
BRDA:242,25,0,0
BRDA:242,25,1,0
BRDA:242,26,0,0
BRDA:242,26,1,0
BRDA:250,27,0,0
BRDA:250,27,1,0
BRDA:250,28,0,0
BRDA:250,28,1,0
BRF:46
BRH:0
end_of_record
TN:
SF:src/hooks/useRestaurantDashboard.ts
FN:31,(anonymous_7)
FN:43,(anonymous_8)
FN:44,(anonymous_9)
FN:44,(anonymous_10)
FN:69,(anonymous_11)
FN:82,(anonymous_12)
FN:87,(anonymous_13)
FN:101,(anonymous_14)
FN:107,(anonymous_15)
FN:114,(anonymous_16)
FN:118,(anonymous_17)
FN:123,(anonymous_18)
FN:124,(anonymous_19)
FN:150,(anonymous_20)
FNF:14
FNH:0
FNDA:0,(anonymous_7)
FNDA:0,(anonymous_8)
FNDA:0,(anonymous_9)
FNDA:0,(anonymous_10)
FNDA:0,(anonymous_11)
FNDA:0,(anonymous_12)
FNDA:0,(anonymous_13)
FNDA:0,(anonymous_14)
FNDA:0,(anonymous_15)
FNDA:0,(anonymous_16)
FNDA:0,(anonymous_17)
FNDA:0,(anonymous_18)
FNDA:0,(anonymous_19)
FNDA:0,(anonymous_20)
DA:1,0
DA:2,0
DA:20,0
DA:31,0
DA:32,0
DA:35,0
DA:36,0
DA:37,0
DA:38,0
DA:39,0
DA:40,0
DA:43,0
DA:44,0
DA:45,0
DA:47,0
DA:48,0
DA:49,0
DA:52,0
DA:53,0
DA:54,0
DA:58,0
DA:59,0
DA:60,0
DA:61,0
DA:62,0
DA:64,0
DA:69,0
DA:71,0
DA:73,0
DA:74,0
DA:78,0
DA:82,0
DA:83,0
DA:87,0
DA:88,0
DA:89,0
DA:90,0
DA:93,0
DA:94,0
DA:96,0
DA:101,0
DA:102,0
DA:104,0
DA:107,0
DA:108,0
DA:110,0
DA:114,0
DA:115,0
DA:118,0
DA:119,0
DA:123,0
DA:124,0
DA:126,0
DA:127,0
DA:128,0
DA:132,0
DA:133,0
DA:134,0
DA:138,0
DA:139,0
DA:140,0
DA:144,0
DA:145,0
DA:149,0
DA:150,0
DA:153,0
LF:66
LH:0
BRDA:48,0,0,0
BRDA:53,1,0,0
BRDA:59,2,0,0
BRDA:90,3,0,0
BRDA:90,3,1,0
BRDA:93,4,0,0
BRDA:93,4,1,0
BRDA:115,5,0,0
BRDA:115,5,1,0
BRDA:115,6,0,0
BRDA:115,6,1,0
BRDA:115,7,0,0
BRDA:115,7,1,0
BRDA:115,8,0,0
BRDA:115,8,1,0
BRDA:119,9,0,0
BRDA:119,9,1,0
BRDA:119,10,0,0
BRDA:119,10,1,0
BRDA:119,11,0,0
BRDA:119,11,1,0
BRDA:119,12,0,0
BRDA:119,12,1,0
BRDA:126,13,0,0
BRDA:126,14,0,0
BRDA:126,14,1,0
BRDA:126,14,2,0
BRDA:132,15,0,0
BRDA:132,16,0,0
BRDA:132,16,1,0
BRDA:132,16,2,0
BRDA:138,17,0,0
BRDA:138,18,0,0
BRDA:138,18,1,0
BRDA:138,18,2,0
BRDA:144,19,0,0
BRDA:144,20,0,0
BRDA:144,20,1,0
BRF:38
BRH:0
end_of_record
TN:
SF:src/hooks/useS3FileAccess.ts
FN:74,useS3FileAccess
FN:83,(anonymous_9)
FN:101,(anonymous_10)
FN:106,(anonymous_11)
FN:115,(anonymous_12)
FN:122,(anonymous_13)
FN:133,(anonymous_14)
FN:135,(anonymous_15)
FN:188,(anonymous_16)
FN:203,(anonymous_17)
FN:205,(anonymous_18)
FN:219,(anonymous_19)
FN:243,(anonymous_20)
FN:254,(anonymous_21)
FN:266,(anonymous_22)
FN:283,(anonymous_23)
FN:299,(anonymous_24)
FN:304,(anonymous_25)
FN:305,(anonymous_26)
FN:307,(anonymous_27)
FN:317,(anonymous_28)
FN:321,(anonymous_29)
FN:347,(anonymous_30)
FN:347,(anonymous_31)
FN:365,(anonymous_32)
FN:368,(anonymous_33)
FN:372,(anonymous_34)
FNF:27
FNH:0
FNDA:0,useS3FileAccess
FNDA:0,(anonymous_9)
FNDA:0,(anonymous_10)
FNDA:0,(anonymous_11)
FNDA:0,(anonymous_12)
FNDA:0,(anonymous_13)
FNDA:0,(anonymous_14)
FNDA:0,(anonymous_15)
FNDA:0,(anonymous_16)
FNDA:0,(anonymous_17)
FNDA:0,(anonymous_18)
FNDA:0,(anonymous_19)
FNDA:0,(anonymous_20)
FNDA:0,(anonymous_21)
FNDA:0,(anonymous_22)
FNDA:0,(anonymous_23)
FNDA:0,(anonymous_24)
FNDA:0,(anonymous_25)
FNDA:0,(anonymous_26)
FNDA:0,(anonymous_27)
FNDA:0,(anonymous_28)
FNDA:0,(anonymous_29)
FNDA:0,(anonymous_30)
FNDA:0,(anonymous_31)
FNDA:0,(anonymous_32)
FNDA:0,(anonymous_33)
FNDA:0,(anonymous_34)
DA:5,0
DA:59,0
DA:67,0
DA:68,0
DA:69,0
DA:74,0
DA:75,0
DA:78,0
DA:79,0
DA:80,0
DA:83,0
DA:84,0
DA:85,0
DA:86,0
DA:87,0
DA:88,0
DA:90,0
DA:91,0
DA:92,0
DA:93,0
DA:94,0
DA:97,0
DA:101,0
DA:102,0
DA:106,0
DA:107,0
DA:108,0
DA:109,0
DA:111,0
DA:115,0
DA:116,0
DA:117,0
DA:118,0
DA:122,0
DA:124,0
DA:125,0
DA:129,0
DA:133,0
DA:135,0
DA:136,0
DA:138,0
DA:139,0
DA:141,0
DA:142,0
DA:143,0
DA:144,0
DA:148,0
DA:149,0
DA:150,0
DA:151,0
DA:152,0
DA:160,0
DA:175,0
DA:176,0
DA:179,0
DA:182,0
DA:183,0
DA:188,0
DA:191,0
DA:194,0
DA:195,0
DA:196,0
DA:198,0
DA:203,0
DA:205,0
DA:206,0
DA:207,0
DA:209,0
DA:210,0
DA:211,0
DA:212,0
DA:216,0
DA:217,0
DA:219,0
DA:220,0
DA:221,0
DA:223,0
DA:224,0
DA:230,0
DA:235,0
DA:236,0
DA:243,0
DA:247,0
DA:248,0
DA:251,0
DA:254,0
DA:255,0
DA:256,0
DA:259,0
DA:260,0
DA:261,0
DA:266,0
DA:271,0
DA:274,0
DA:275,0
DA:276,0
DA:278,0
DA:283,0
DA:284,0
DA:285,0
DA:287,0
DA:288,0
DA:295,0
DA:299,0
DA:300,0
DA:304,0
DA:305,0
DA:306,0
DA:307,0
DA:308,0
DA:309,0
DA:312,0
DA:317,0
DA:321,0
DA:322,0
DA:324,0
DA:331,0
DA:332,0
DA:333,0
DA:335,0
DA:336,0
DA:337,0
DA:340,0
DA:341,0
DA:342,0
DA:347,0
DA:348,0
DA:349,0
DA:352,0
DA:353,0
DA:354,0
DA:358,0
DA:359,0
DA:360,0
DA:365,0
DA:366,0
DA:368,0
DA:369,0
DA:372,0
DA:375,0
DA:400,0
LF:141
LH:0
BRDA:67,0,0,0
BRDA:67,0,1,0
BRDA:67,1,0,0
BRDA:67,1,1,0
BRDA:68,2,0,0
BRDA:68,2,1,0
BRDA:69,3,0,0
BRDA:69,3,1,0
BRDA:74,4,0,0
BRDA:84,5,0,0
BRDA:85,6,0,0
BRDA:85,6,1,0
BRDA:85,7,0,0
BRDA:85,7,1,0
BRDA:86,8,0,0
BRDA:86,8,1,0
BRDA:86,9,0,0
BRDA:86,9,1,0
BRDA:87,10,0,0
BRDA:88,11,0,0
BRDA:90,12,0,0
BRDA:90,12,1,0
BRDA:90,13,0,0
BRDA:90,13,1,0
BRDA:90,14,0,0
BRDA:90,14,1,0
BRDA:90,15,0,0
BRDA:90,15,1,0
BRDA:93,16,0,0
BRDA:93,17,0,0
BRDA:93,17,1,0
BRDA:124,18,0,0
BRDA:136,19,0,0
BRDA:143,20,0,0
BRDA:149,21,0,0
BRDA:151,22,0,0
BRDA:151,23,0,0
BRDA:151,23,1,0
BRDA:175,24,0,0
BRDA:182,25,0,0
BRDA:194,26,0,0
BRDA:194,26,1,0
BRDA:211,27,0,0
BRDA:223,28,0,0
BRDA:223,28,1,0
BRDA:223,29,0,0
BRDA:223,29,1,0
BRDA:223,29,2,0
BRDA:235,30,0,0
BRDA:247,31,0,0
BRDA:259,32,0,0
BRDA:274,33,0,0
BRDA:274,33,1,0
BRDA:287,34,0,0
BRDA:287,35,0,0
BRDA:287,35,1,0
BRDA:308,36,0,0
BRDA:327,37,0,0
BRDA:327,37,1,0
BRDA:333,38,0,0
BRDA:333,38,1,0
BRDA:333,38,2,0
BRDA:340,39,0,0
BRDA:340,39,1,0
BRDA:353,40,0,0
BRDA:358,41,0,0
BRDA:358,41,1,0
BRDA:366,42,0,0
BRF:68
BRH:0
end_of_record
TN:
SF:src/hooks/useS3Upload.ts
FN:67,useS3Upload
FN:89,(anonymous_8)
FN:99,(anonymous_9)
FN:105,(anonymous_10)
FN:111,(anonymous_11)
FN:117,(anonymous_12)
FN:120,(anonymous_13)
FN:159,(anonymous_14)
FN:162,(anonymous_15)
FN:176,(anonymous_16)
FN:198,(anonymous_17)
FN:215,(anonymous_18)
FN:220,(anonymous_19)
FN:221,(anonymous_20)
FN:222,(anonymous_21)
FN:226,(anonymous_22)
FN:231,(anonymous_23)
FN:233,(anonymous_24)
FN:242,(anonymous_25)
FN:242,(anonymous_26)
FN:252,(anonymous_27)
FN:256,(anonymous_28)
FN:256,(anonymous_29)
FN:268,(anonymous_30)
FN:269,(anonymous_31)
FN:269,(anonymous_32)
FN:282,(anonymous_33)
FN:282,(anonymous_34)
FN:297,(anonymous_35)
FN:297,(anonymous_36)
FN:316,(anonymous_37)
FN:319,(anonymous_38)
FN:319,(anonymous_39)
FN:336,(anonymous_40)
FNF:34
FNH:0
FNDA:0,useS3Upload
FNDA:0,(anonymous_8)
FNDA:0,(anonymous_9)
FNDA:0,(anonymous_10)
FNDA:0,(anonymous_11)
FNDA:0,(anonymous_12)
FNDA:0,(anonymous_13)
FNDA:0,(anonymous_14)
FNDA:0,(anonymous_15)
FNDA:0,(anonymous_16)
FNDA:0,(anonymous_17)
FNDA:0,(anonymous_18)
FNDA:0,(anonymous_19)
FNDA:0,(anonymous_20)
FNDA:0,(anonymous_21)
FNDA:0,(anonymous_22)
FNDA:0,(anonymous_23)
FNDA:0,(anonymous_24)
FNDA:0,(anonymous_25)
FNDA:0,(anonymous_26)
FNDA:0,(anonymous_27)
FNDA:0,(anonymous_28)
FNDA:0,(anonymous_29)
FNDA:0,(anonymous_30)
FNDA:0,(anonymous_31)
FNDA:0,(anonymous_32)
FNDA:0,(anonymous_33)
FNDA:0,(anonymous_34)
FNDA:0,(anonymous_35)
FNDA:0,(anonymous_36)
FNDA:0,(anonymous_37)
FNDA:0,(anonymous_38)
FNDA:0,(anonymous_39)
FNDA:0,(anonymous_40)
DA:5,0
DA:6,0
DA:67,0
DA:76,0
DA:79,0
DA:80,0
DA:81,0
DA:82,0
DA:85,0
DA:86,0
DA:89,0
DA:91,0
DA:92,0
DA:95,0
DA:99,0
DA:100,0
DA:101,0
DA:105,0
DA:106,0
DA:107,0
DA:111,0
DA:112,0
DA:113,0
DA:117,0
DA:120,0
DA:121,0
DA:122,0
DA:123,0
DA:126,0
DA:127,0
DA:129,0
DA:130,0
DA:141,0
DA:145,0
DA:146,0
DA:149,0
DA:150,0
DA:151,0
DA:153,0
DA:154,0
DA:159,0
DA:162,0
DA:163,0
DA:164,0
DA:165,0
DA:168,0
DA:169,0
DA:171,0
DA:172,0
DA:178,0
DA:179,0
DA:184,0
DA:185,0
DA:188,0
DA:189,0
DA:190,0
DA:192,0
DA:193,0
DA:198,0
DA:202,0
DA:203,0
DA:205,0
DA:215,0
DA:216,0
DA:220,0
DA:221,0
DA:222,0
DA:223,0
DA:224,0
DA:226,0
DA:231,0
DA:233,0
DA:234,0
DA:235,0
DA:238,0
DA:242,0
DA:243,0
DA:244,0
DA:247,0
DA:248,0
DA:249,0
DA:251,0
DA:252,0
DA:254,0
DA:256,0
DA:257,0
DA:262,0
DA:263,0
DA:269,0
DA:270,0
DA:277,0
DA:282,0
DA:283,0
DA:294,0
DA:297,0
DA:298,0
DA:310,0
DA:311,0
DA:316,0
DA:317,0
DA:319,0
DA:320,0
DA:321,0
DA:322,0
DA:324,0
DA:328,0
DA:329,0
DA:335,0
DA:337,0
DA:338,0
DA:339,0
DA:340,0
DA:341,0
DA:342,0
DA:343,0
DA:345,0
DA:350,0
DA:352,0
DA:375,0
LF:119
LH:0
BRDA:71,0,0,0
BRDA:72,1,0,0
BRDA:91,2,0,0
BRDA:91,3,0,0
BRDA:91,3,1,0
BRDA:101,4,0,0
BRDA:101,4,1,0
BRDA:101,5,0,0
BRDA:101,5,1,0
BRDA:107,6,0,0
BRDA:107,6,1,0
BRDA:107,7,0,0
BRDA:107,7,1,0
BRDA:113,8,0,0
BRDA:113,8,1,0
BRDA:113,9,0,0
BRDA:113,9,1,0
BRDA:141,10,0,0
BRDA:141,10,1,0
BRDA:149,11,0,0
BRDA:149,11,1,0
BRDA:188,12,0,0
BRDA:188,12,1,0
BRDA:208,13,0,0
BRDA:208,13,1,0
BRDA:208,14,0,0
BRDA:208,14,1,0
BRDA:208,15,0,0
BRDA:208,15,1,0
BRDA:209,16,0,0
BRDA:209,16,1,0
BRDA:209,17,0,0
BRDA:209,17,1,0
BRDA:209,18,0,0
BRDA:209,18,1,0
BRDA:223,19,0,0
BRDA:223,20,0,0
BRDA:223,20,1,0
BRDA:223,21,0,0
BRDA:223,21,1,0
BRDA:223,22,0,0
BRDA:223,22,1,0
BRDA:234,23,0,0
BRDA:234,24,0,0
BRDA:234,24,1,0
BRDA:243,25,0,0
BRDA:257,26,0,0
BRDA:257,26,1,0
BRDA:267,27,0,0
BRDA:267,27,1,0
BRDA:267,28,0,0
BRDA:267,28,1,0
BRDA:270,29,0,0
BRDA:270,29,1,0
BRDA:277,30,0,0
BRDA:277,30,1,0
BRDA:283,31,0,0
BRDA:283,31,1,0
BRDA:294,32,0,0
BRDA:294,32,1,0
BRDA:298,33,0,0
BRDA:298,33,1,0
BRDA:317,34,0,0
BRDA:317,34,1,0
BRDA:320,35,0,0
BRDA:320,36,0,0
BRDA:320,36,1,0
BRDA:328,37,0,0
BRDA:337,38,0,0
[...]
DA:262,0
DA:266,0
DA:267,0
DA:268,0
DA:269,0
DA:292,0
DA:302,0
DA:311,0
DA:318,0
DA:331,0
LF:17
LH:0
BRF:0
BRH:0
end_of_record
TN:
SF:src/unused/useNewServicePackages.ts
FN:32,(anonymous_7)
FN:35,(anonymous_8)
FN:35,(anonymous_9)
FN:61,(anonymous_10)
FN:69,(anonymous_11)
FN:73,(anonymous_12)
FN:76,(anonymous_13)
FN:76,(anonymous_14)
FNF:8
FNH:0
FNDA:0,(anonymous_7)
FNDA:0,(anonymous_8)
FNDA:0,(anonymous_9)
FNDA:0,(anonymous_10)
FNDA:0,(anonymous_11)
FNDA:0,(anonymous_12)
FNDA:0,(anonymous_13)
FNDA:0,(anonymous_14)
DA:8,0
DA:9,0
DA:32,0
DA:33,0
DA:35,0
DA:36,0
DA:38,0
DA:46,0
DA:48,0
DA:49,0
DA:50,0
DA:53,0
DA:54,0
DA:55,0
DA:58,0
DA:61,0
DA:66,0
DA:69,0
DA:73,0
DA:74,0
DA:76,0
DA:77,0
DA:83,0
DA:84,0
DA:87,0
LF:25
LH:0
BRDA:48,0,0,0
BRDA:53,1,0,0
BRDA:63,2,0,0
BRDA:63,2,1,0
BRDA:63,3,0,0
BRDA:63,3,1,0
BRDA:83,4,0,0
BRF:7
BRH:0
end_of_record
TN:
SF:src/utils/chart-utils.ts
FN:12,(anonymous_0)
FN:23,(anonymous_1)
FN:31,(anonymous_2)
FN:53,(anonymous_3)
FN:54,(anonymous_4)
FN:61,(anonymous_5)
FN:62,(anonymous_6)
FN:83,(anonymous_7)
FN:90,(anonymous_8)
FN:97,(anonymous_9)
FN:107,(anonymous_10)
FN:116,(anonymous_11)
FN:149,(anonymous_12)
FN:158,(anonymous_13)
FNF:14
FNH:0
FNDA:0,(anonymous_0)
FNDA:0,(anonymous_1)
FNDA:0,(anonymous_2)
FNDA:0,(anonymous_3)
FNDA:0,(anonymous_4)
FNDA:0,(anonymous_5)
FNDA:0,(anonymous_6)
FNDA:0,(anonymous_7)
FNDA:0,(anonymous_8)
FNDA:0,(anonymous_9)
FNDA:0,(anonymous_10)
FNDA:0,(anonymous_11)
FNDA:0,(anonymous_12)
FNDA:0,(anonymous_13)
DA:12,0
DA:13,0
DA:23,0
DA:24,0
DA:31,0
DA:32,0
DA:53,0
DA:54,0
DA:61,0
DA:62,0
DA:63,0
DA:64,0
DA:66,0
DA:83,0
DA:84,0
DA:90,0
DA:91,0
DA:97,0
DA:98,0
DA:107,0
DA:108,0
DA:109,0
DA:110,0
DA:116,0
DA:117,0
DA:118,0
DA:119,0
DA:127,0
DA:136,0
DA:149,0
DA:158,0
LF:31
LH:0
BRDA:63,0,0,0
BRDA:84,1,0,0
BRDA:84,1,1,0
BRDA:84,1,2,0
BRDA:108,2,0,0
BRDA:109,3,0,0
BRDA:117,4,0,0
BRDA:118,5,0,0
BRF:8
BRH:0
end_of_record
TN:
SF:src/utils/csv.ts
FN:1,toCSV
FN:5,(anonymous_1)
FN:11,(anonymous_2)
FN:11,(anonymous_3)
FNF:4
FNH:0
FNDA:0,toCSV
FNDA:0,(anonymous_1)
FNDA:0,(anonymous_2)
FNDA:0,(anonymous_3)
DA:1,0
DA:2,0
DA:4,0
DA:5,0
DA:6,0
DA:7,0
DA:10,0
DA:11,0
DA:13,0
LF:9
LH:0
BRDA:1,0,0,0
BRDA:2,1,0,0
BRDA:2,2,0,0
BRDA:2,2,1,0
BRDA:2,3,0,0
BRDA:2,3,1,0
BRDA:6,4,0,0
BRDA:6,4,1,0
BRDA:6,5,0,0
BRDA:6,5,1,0
BRDA:7,6,0,0
BRDA:7,6,1,0
BRF:12
BRH:0
end_of_record
TN:
SF:src/utils/currencyFormatter.ts
FN:1,(anonymous_0)
FN:18,(anonymous_1)
FNF:2
FNH:0
FNDA:0,(anonymous_0)
FNDA:0,(anonymous_1)
DA:1,0
DA:2,0
DA:5,0
DA:8,0
DA:9,0
DA:12,0
DA:18,0
DA:19,0
DA:22,0
DA:24,0
LF:10
LH:0
BRDA:2,0,0,0
BRDA:9,1,0,0
BRDA:19,2,0,0
BRDA:24,3,0,0
BRDA:24,3,1,0
BRF:5
BRH:0
end_of_record
TN:
SF:src/utils/env-check.ts
FN:7,(anonymous_0)
FNF:1
FNH:0
FNDA:0,(anonymous_0)
DA:7,0
DA:8,0
DA:10,0
DA:17,0
DA:22,0
DA:25,0
DA:26,0
DA:27,0
DA:28,0
DA:29,0
DA:31,0
DA:32,0
DA:37,0
DA:38,0
DA:39,0
DA:40,0
DA:41,0
DA:43,0
DA:48,0
DA:50,0
DA:51,0
DA:52,0
DA:55,0
DA:56,0
DA:57,0
DA:60,0
DA:61,0
DA:62,0
DA:65,0
DA:66,0
DA:68,0
DA:69,0
DA:72,0
DA:76,0
DA:78,0
DA:79,0
LF:36
LH:0
BRDA:28,0,0,0
BRDA:28,0,1,0
BRDA:40,1,0,0
BRDA:40,1,1,0
BRDA:51,2,0,0
BRDA:51,3,0,0
BRDA:51,3,1,0
BRDA:56,4,0,0
BRDA:56,5,0,0
BRDA:56,5,1,0
BRDA:61,6,0,0
BRDA:61,7,0,0
BRDA:61,7,1,0
BRDA:65,8,0,0
BRDA:65,8,1,0
BRDA:76,9,0,0
BRF:16
BRH:0
end_of_record
TN:
SF:src/utils/event-annotations-utils.ts
FN:11,(anonymous_0)
FN:16,(anonymous_1)
FN:48,(anonymous_2)
FN:69,(anonymous_3)
FN:77,(anonymous_4)
FNF:5
FNH:0
FNDA:0,(anonymous_0)
FNDA:0,(anonymous_1)
FNDA:0,(anonymous_2)
FNDA:0,(anonymous_3)
FNDA:0,(anonymous_4)
DA:11,0
DA:12,0
DA:13,0
DA:16,0
DA:17,0
DA:18,0
DA:19,0
DA:21,0
DA:25,0
DA:26,0
DA:27,0
DA:28,0
DA:29,0
DA:30,0
DA:33,0
DA:48,0
DA:53,0
DA:54,0
DA:57,0
DA:59,0
DA:60,0
DA:61,0
DA:63,0
DA:64,0
DA:66,0
DA:69,0
DA:70,0
DA:71,0
DA:75,0
DA:76,0
DA:77,0
DA:79,0
LF:32
LH:0
BRDA:11,0,0,0
BRDA:12,1,0,0
BRDA:12,2,0,0
BRDA:12,2,1,0
BRDA:21,3,0,0
BRDA:28,4,0,0
BRDA:33,5,0,0
BRDA:33,5,1,0
BRDA:33,6,0,0
BRDA:33,6,1,0
BRDA:33,7,0,0
BRDA:33,7,1,0
BRDA:33,8,0,0
BRDA:33,8,1,0
BRDA:49,9,0,0
BRDA:54,10,0,0
BRDA:57,11,0,0
BRDA:57,11,1,0
BRDA:57,12,0,0
BRDA:57,12,1,0
BRDA:61,13,0,0
BRDA:61,13,1,0
BRDA:61,14,0,0
BRDA:61,14,1,0
BRDA:71,15,0,0
BRDA:71,15,1,0
BRDA:75,16,0,0
BRDA:76,17,0,0
BRF:28
BRH:0
end_of_record
TN:
SF:src/utils/event-utils.ts
FN:8,(anonymous_0)
FN:13,(anonymous_1)
FN:20,(anonymous_2)
FN:24,(anonymous_3)
FN:28,(anonymous_4)
FN:32,(anonymous_5)
FN:38,(anonymous_6)
FN:42,(anonymous_7)
FN:50,(anonymous_8)
FN:55,(anonymous_9)
FN:66,(anonymous_10)
FN:81,(anonymous_11)
FN:91,(anonymous_12)
FN:95,(anonymous_13)
FN:96,(anonymous_14)
FN:97,(anonymous_15)
FN:102,(anonymous_16)
FN:111,(anonymous_17)
FN:117,(anonymous_18)
FN:122,(anonymous_19)
FN:126,(anonymous_20)
FNF:21
FNH:0
FNDA:0,(anonymous_0)
FNDA:0,(anonymous_1)
FNDA:0,(anonymous_2)
FNDA:0,(anonymous_3)
FNDA:0,(anonymous_4)
FNDA:0,(anonymous_5)
FNDA:0,(anonymous_6)
FNDA:0,(anonymous_7)
FNDA:0,(anonymous_8)
FNDA:0,(anonymous_9)
FNDA:0,(anonymous_10)
FNDA:0,(anonymous_11)
FNDA:0,(anonymous_12)
FNDA:0,(anonymous_13)
FNDA:0,(anonymous_14)
FNDA:0,(anonymous_15)
FNDA:0,(anonymous_16)
FNDA:0,(anonymous_17)
FNDA:0,(anonymous_18)
FNDA:0,(anonymous_19)
FNDA:0,(anonymous_20)
DA:5,0
DA:8,0
DA:13,0
DA:14,0
DA:15,0
DA:20,0
DA:24,0
DA:28,0
DA:32,0
DA:33,0
DA:38,0
DA:42,0
DA:43,0
DA:44,0
DA:45,0
DA:50,0
DA:53,0
DA:55,0
DA:56,0
DA:57,0
DA:59,0
DA:62,0
DA:66,0
DA:71,0
DA:72,0
DA:74,0
DA:75,0
DA:77,0
DA:81,0
DA:82,0
DA:83,0
DA:85,0
DA:91,0
DA:92,0
DA:93,0
DA:94,0
DA:95,0
DA:96,0
DA:97,0
DA:100,0
DA:102,0
DA:111,0
DA:112,0
DA:113,0
DA:117,0
DA:121,0
DA:122,0
DA:126,0
DA:127,0
DA:129,0
DA:130,0
DA:131,0
DA:132,0
DA:134,0
DA:135,0
DA:138,0
LF:56
LH:0
BRDA:15,0,0,0
BRDA:15,0,1,0
BRDA:33,1,0,0
BRDA:33,1,1,0
BRDA:40,2,0,0
BRDA:45,3,0,0
BRDA:45,3,1,0
BRDA:56,4,0,0
BRDA:69,5,0,0
BRDA:83,6,0,0
BRDA:83,6,1,0
BRDA:86,7,0,0
BRDA:86,7,1,0
BRDA:122,8,0,0
BRDA:122,8,1,0
BRDA:129,9,0,0
BRDA:130,10,0,0
BRDA:131,11,0,0
BRDA:132,12,0,0
BRDA:134,13,0,0
BRDA:134,14,0,0
BRDA:134,14,1,0
BRF:22
BRH:0
end_of_record
TN:
SF:src/utils/facebookEventHelpers.ts
FN:5,(anonymous_7)
FN:5,(anonymous_8)
FN:10,(anonymous_9)
FN:14,(anonymous_10)
FN:23,(anonymous_11)
FN:72,(anonymous_12)
FN:81,(anonymous_13)
FN:94,(anonymous_14)
FN:107,(anonymous_15)
FN:120,(anonymous_16)
FN:133,(anonymous_17)
FN:150,(anonymous_18)
FN:169,(anonymous_19)
FN:182,(anonymous_20)
FN:195,(anonymous_21)
FN:208,(anonymous_22)
FN:221,(anonymous_23)
FN:234,(anonymous_24)
FN:248,(anonymous_25)
FN:253,(anonymous_26)
FN:260,(anonymous_27)
FNF:21
FNH:0
FNDA:0,(anonymous_7)
FNDA:0,(anonymous_8)
FNDA:0,(anonymous_9)
FNDA:0,(anonymous_10)
FNDA:0,(anonymous_11)
FNDA:0,(anonymous_12)
FNDA:0,(anonymous_13)
FNDA:0,(anonymous_14)
FNDA:0,(anonymous_15)
FNDA:0,(anonymous_16)
FNDA:0,(anonymous_17)
FNDA:0,(anonymous_18)
FNDA:0,(anonymous_19)
FNDA:0,(anonymous_20)
FNDA:0,(anonymous_21)
FNDA:0,(anonymous_22)
FNDA:0,(anonymous_23)
FNDA:0,(anonymous_24)
FNDA:0,(anonymous_25)
FNDA:0,(anonymous_26)
FNDA:0,(anonymous_27)
DA:5,0
DA:6,0
DA:7,0
DA:8,0
DA:9,0
DA:10,0
DA:14,0
DA:23,0
DA:24,0
DA:26,0
DA:27,0
DA:30,0
DA:31,0
DA:32,0
DA:35,0
DA:36,0
DA:39,0
DA:40,0
DA:43,0
DA:44,0
DA:47,0
DA:48,0
DA:51,0
DA:52,0
DA:55,0
DA:56,0
DA:60,0
DA:63,0
DA:64,0
DA:65,0
DA:66,0
DA:70,0
DA:72,0
DA:73,0
DA:74,0
DA:77,0
DA:81,0
DA:84,0
DA:94,0
DA:97,0
DA:107,0
DA:110,0
DA:120,0
DA:123,0
DA:133,0
DA:137,0
DA:150,0
DA:155,0
DA:169,0
DA:172,0
DA:182,0
DA:185,0
DA:195,0
DA:198,0
DA:208,0
DA:211,0
DA:221,0
DA:224,0
DA:234,0
DA:237,0
DA:248,0
DA:249,0
DA:253,0
DA:254,0
DA:255,0
DA:256,0
DA:260,0
DA:261,0
DA:263,0
DA:264,0
DA:267,0
DA:268,0
DA:271,0
DA:272,0
DA:275,0
DA:276,0
DA:279,0
LF:77
LH:0
BRDA:26,0,0,0
BRDA:30,1,0,0
BRDA:35,2,0,0
BRDA:39,3,0,0
BRDA:43,4,0,0
BRDA:47,5,0,0
BRDA:51,6,0,0
BRDA:55,7,0,0
BRDA:65,8,0,0
BRDA:73,9,0,0
BRDA:153,10,0,0
BRDA:256,11,0,0
BRDA:256,11,1,0
BRDA:263,12,0,0
BRDA:267,13,0,0
BRDA:271,14,0,0
BRDA:275,15,0,0
BRF:17
BRH:0
end_of_record
TN:
SF:src/utils/facebookPixel.ts
FN:16,loadFacebookPixel
FN:17,(anonymous_1)
FN:36,(anonymous_2)
FN:38,(anonymous_3)
FN:53,(anonymous_4)
FN:73,(anonymous_5)
FN:86,removeFacebookPixel
FN:89,(anonymous_7)
FN:103,trackFacebookEvent
FN:114,(anonymous_9)
FN:115,(anonymous_10)
FN:117,(anonymous_11)
FN:118,(anonymous_12)
FN:120,(anonymous_13)
FN:122,(anonymous_14)
FNF:15
FNH:0
FNDA:0,loadFacebookPixel
FNDA:0,(anonymous_1)
FNDA:0,(anonymous_2)
FNDA:0,(anonymous_3)
FNDA:0,(anonymous_4)
FNDA:0,(anonymous_5)
FNDA:0,removeFacebookPixel
FNDA:0,(anonymous_7)
FNDA:0,trackFacebookEvent
FNDA:0,(anonymous_9)
FNDA:0,(anonymous_10)
FNDA:0,(anonymous_11)
FNDA:0,(anonymous_12)
FNDA:0,(anonymous_13)
FNDA:0,(anonymous_14)
DA:16,0
DA:17,0
DA:18,0
DA:21,0
DA:22,0
DA:23,0
DA:24,0
DA:28,0
DA:29,0
DA:30,0
DA:31,0
DA:34,0
DA:36,0
DA:37,0
DA:38,0
DA:39,0
DA:41,0
DA:42,0
DA:43,0
DA:44,0
DA:45,0
DA:46,0
DA:47,0
DA:48,0
DA:49,0
DA:50,0
DA:53,0
DA:54,0
DA:57,0
DA:60,0
DA:61,0
DA:65,0
DA:66,0
DA:67,0
DA:70,0
DA:73,0
DA:74,0
DA:75,0
DA:80,0
DA:81,0
DA:86,0
DA:88,0
DA:89,0
DA:92,0
DA:93,0
DA:95,0
DA:96,0
DA:99,0
DA:103,0
DA:104,0
DA:105,0
DA:106,0
DA:108,0
DA:113,0
DA:114,0
DA:116,0
DA:117,0
DA:119,0
DA:121,0
DA:123,0
LF:60
LH:0
BRDA:18,0,0,0
BRDA:18,1,0,0
BRDA:21,2,0,0
BRDA:28,3,0,0
BRDA:37,4,0,0
BRDA:39,5,0,0
BRDA:39,5,1,0
BRDA:41,6,0,0
BRDA:60,7,0,0
BRDA:65,8,0,0
BRDA:92,9,0,0
BRDA:95,10,0,0
BRDA:104,11,0,0
BRDA:104,11,1,0
BRDA:115,12,0,0
BRF:15
BRH:0
end_of_record
TN:
SF:src/utils/featureFlags.ts
FN:9,getFlagBool
FN:9,(anonymous_8)
FN:50,getFlagString
FN:50,(anonymous_10)
FN:73,getFlagNumber
FN:73,(anonymous_12)
FNF:6
FNH:0
FNDA:0,getFlagBool
FNDA:0,(anonymous_8)
FNDA:0,getFlagString
FNDA:0,(anonymous_10)
FNDA:0,getFlagNumber
FNDA:0,(anonymous_12)
DA:1,0
DA:9,0
DA:10,0
DA:11,0
DA:16,0
DA:17,0
DA:18,0
DA:22,0
DA:23,0
DA:27,0
DA:30,0
DA:31,0
DA:34,0
DA:35,0
DA:37,0
DA:39,0
DA:40,0
DA:50,0
DA:51,0
DA:52,0
DA:57,0
DA:58,0
DA:61,0
DA:63,0
DA:73,0
DA:74,0
DA:75,0
DA:80,0
DA:81,0
DA:84,0
DA:85,0
DA:87,0
LF:32
LH:0
BRDA:9,0,0,0
BRDA:16,1,0,0
BRDA:22,2,0,0
BRDA:27,3,0,0
BRDA:27,3,1,0
BRDA:27,4,0,0
BRDA:27,4,1,0
BRDA:30,5,0,0
BRDA:31,6,0,0
BRDA:35,7,0,0
BRDA:50,8,0,0
BRDA:57,9,0,0
BRDA:57,10,0,0
BRDA:57,10,1,0
BRDA:61,11,0,0
BRDA:61,11,1,0
BRDA:61,12,0,0
BRDA:61,12,1,0
BRDA:73,13,0,0
BRDA:80,14,0,0
BRDA:80,15,0,0
BRDA:80,15,1,0
BRDA:85,16,0,0
BRDA:85,16,1,0
BRF:24
BRH:0
end_of_record
TN:
SF:src/utils/formatters.ts
FN:2,(anonymous_0)
FN:7,(anonymous_1)
FN:16,(anonymous_2)
FN:33,(anonymous_3)
FN:40,(anonymous_4)
FN:47,(anonymous_5)
FN:56,(anonymous_6)
FNF:7
FNH:0
FNDA:0,(anonymous_0)
FNDA:0,(anonymous_1)
FNDA:0,(anonymous_2)
FNDA:0,(anonymous_3)
FNDA:0,(anonymous_4)
FNDA:0,(anonymous_5)
FNDA:0,(anonymous_6)
DA:2,0
DA:3,0
DA:4,0
DA:7,0
DA:8,0
DA:9,0
DA:16,0
DA:17,0
DA:18,0
DA:20,0
DA:21,0
DA:22,0
DA:24,0
DA:26,0
DA:27,0
DA:29,0
DA:33,0
DA:34,0
DA:35,0
DA:37,0
DA:40,0
DA:41,0
DA:47,0
DA:48,0
DA:49,0
DA:56,0
DA:57,0
DA:58,0
LF:28
LH:0
BRDA:2,0,0,0
BRDA:3,1,0,0
BRDA:3,1,1,0
BRDA:7,2,0,0
BRDA:7,3,0,0
BRDA:8,4,0,0
BRDA:8,4,1,0
BRDA:16,5,0,0
BRDA:20,6,0,0
BRDA:20,6,1,0
BRDA:21,7,0,0
BRDA:26,8,0,0
BRDA:33,9,0,0
BRDA:34,10,0,0
BRDA:40,11,0,0
BRDA:47,12,0,0
BRDA:48,13,0,0
BRDA:48,13,1,0
BRDA:56,14,0,0
BRDA:57,15,0,0
BRDA:57,15,1,0
BRF:21
BRH:0
end_of_record
TN:
SF:src/utils/getLegalNamespace.ts
FN:17,(anonymous_7)
FN:50,(anonymous_8)
FN:60,(anonymous_9)
FN:60,(anonymous_10)
FN:68,(anonymous_11)
FN:69,(anonymous_12)
FN:71,(anonymous_13)
FN:72,(anonymous_14)
FNF:8
FNH:0
FNDA:0,(anonymous_7)
FNDA:0,(anonymous_8)
FNDA:0,(anonymous_9)
FNDA:0,(anonymous_10)
FNDA:0,(anonymous_11)
FNDA:0,(anonymous_12)
FNDA:0,(anonymous_13)
FNDA:0,(anonymous_14)
DA:2,0
DA:17,0
DA:18,0
DA:20,0
DA:28,0
DA:29,0
DA:30,0
DA:31,0
DA:34,0
DA:36,0
DA:37,0
DA:40,0
DA:50,0
DA:51,0
DA:60,0
DA:61,0
DA:62,0
DA:63,0
DA:66,0
DA:68,0
DA:69,0
DA:70,0
DA:71,0
DA:72,0
DA:76,0
LF:25
LH:0
BRDA:18,0,0,0
BRDA:18,0,1,0
BRDA:29,1,0,0
BRDA:31,2,0,0
BRDA:31,2,1,0
BRDA:34,3,0,0
BRDA:34,3,1,0
BRDA:36,4,0,0
BRDA:61,5,0,0
BRDA:62,6,0,0
BRF:10
BRH:0
end_of_record
TN:
SF:src/utils/localStorage.ts
FN:20,(anonymous_0)
FN:42,(anonymous_1)
FN:80,(anonymous_2)
FN:100,(anonymous_3)
FNF:4
FNH:0
FNDA:0,(anonymous_0)
FNDA:0,(anonymous_1)
FNDA:0,(anonymous_2)
FNDA:0,(anonymous_3)
DA:14,0
DA:19,0
DA:21,0
DA:22,0
DA:29,0
DA:30,0
DA:36,0
DA:38,0
DA:43,0
DA:44,0
DA:51,0
DA:52,0
DA:53,0
DA:55,0
DA:58,0
DA:59,0
DA:60,0
DA:62,0
DA:63,0
DA:64,0
DA:67,0
DA:74,0
DA:75,0
DA:76,0
DA:81,0
DA:82,0
DA:89,0
DA:90,0
DA:92,0
DA:100,0
DA:101,0
DA:102,0
DA:108,0
LF:33
LH:0
BRDA:21,0,0,0
BRDA:31,1,0,0
BRDA:31,1,1,0
BRDA:33,2,0,0
BRDA:33,2,1,0
BRDA:43,3,0,0
BRDA:53,4,0,0
BRDA:62,5,0,0
BRDA:68,6,0,0
BRDA:68,6,1,0
BRDA:69,7,0,0
BRDA:69,7,1,0
BRDA:69,7,2,0
BRDA:70,8,0,0
BRDA:70,8,1,0
BRDA:70,8,2,0
BRDA:81,9,0,0
BRDA:101,10,0,0
BRF:18
BRH:0
end_of_record
TN:
SF:src/utils/monitoring.ts
FN:15,(anonymous_0)
FN:18,(anonymous_1)
FN:41,(anonymous_2)
FN:45,(anonymous_3)
FN:49,(anonymous_4)
FN:62,(anonymous_5)
FN:64,(anonymous_6)
FN:76,(anonymous_7)
FN:86,(anonymous_8)
FNF:9
FNH:0
FNDA:0,(anonymous_0)
FNDA:0,(anonymous_1)
FNDA:0,(anonymous_2)
FNDA:0,(anonymous_3)
FNDA:0,(anonymous_4)
FNDA:0,(anonymous_5)
FNDA:0,(anonymous_6)
FNDA:0,(anonymous_7)
FNDA:0,(anonymous_8)
DA:16,0
DA:19,0
DA:26,0
DA:27,0
DA:31,0
DA:42,0
DA:46,0
DA:50,0
DA:63,0
DA:64,0
DA:65,0
DA:66,0
DA:77,0
DA:87,0
DA:91,0
LF:15
LH:0
BRDA:21,0,0,0
BRDA:21,0,1,0
BRDA:22,1,0,0
BRDA:22,1,1,0
BRDA:26,2,0,0
BRDA:27,3,0,0
BRDA:27,3,1,0
BRDA:28,4,0,0
BRDA:28,4,1,0
BRDA:32,5,0,0
BRDA:32,5,1,0
BRDA:55,6,0,0
BRDA:55,6,1,0
BRDA:55,7,0,0
BRDA:55,7,1,0
BRDA:56,8,0,0
BRDA:56,8,1,0
BRDA:56,9,0,0
BRDA:56,9,1,0
BRF:19
BRH:0
end_of_record
TN:
SF:src/utils/onboardingHelpers.ts
FN:11,(anonymous_7)
FN:42,(anonymous_8)
FN:42,(anonymous_9)
FN:107,(anonymous_10)
FN:108,(anonymous_11)
FN:114,(anonymous_12)
FN:126,(anonymous_13)
FNF:7
FNH:0
FNDA:0,(anonymous_7)
FNDA:0,(anonymous_8)
FNDA:0,(anonymous_9)
FNDA:0,(anonymous_10)
FNDA:0,(anonymous_11)
FNDA:0,(anonymous_12)
FNDA:0,(anonymous_13)
DA:11,0
DA:12,0
DA:14,0
DA:15,0
DA:18,0
DA:19,0
DA:22,0
DA:23,0
DA:24,0
DA:25,0
DA:28,0
DA:29,0
DA:32,0
DA:33,0
DA:36,0
DA:42,0
DA:43,0
DA:45,0
DA:46,0
DA:47,0
DA:51,0
DA:66,0
DA:67,0
DA:71,0
DA:82,0
DA:83,0
DA:87,0
DA:88,0
DA:95,0
DA:96,0
DA:100,0
DA:102,0
DA:103,0
DA:107,0
DA:108,0
DA:109,0
DA:111,0
DA:114,0
DA:116,0
DA:119,0
DA:120,0
DA:123,0
DA:126,0
DA:127,0
DA:130,0
DA:131,0
DA:134,0
LF:47
LH:0
BRDA:14,0,0,0
BRDA:14,1,0,0
BRDA:14,1,1,0
BRDA:14,2,0,0
BRDA:14,2,1,0
BRDA:18,3,0,0
BRDA:18,4,0,0
BRDA:18,4,1,0
BRDA:18,5,0,0
BRDA:18,5,1,0
BRDA:22,6,0,0
BRDA:22,6,1,0
BRDA:22,7,0,0
BRDA:22,7,1,0
BRDA:22,8,0,0
BRDA:22,8,1,0
BRDA:24,9,0,0
BRDA:28,10,0,0
BRDA:28,11,0,0
BRDA:28,11,1,0
BRDA:32,12,0,0
BRDA:32,13,0,0
BRDA:32,13,1,0
BRDA:46,14,0,0
BRDA:46,15,0,0
BRDA:46,15,1,0
BRDA:66,16,0,0
BRDA:79,17,0,0
BRDA:79,17,1,0
BRDA:82,18,0,0
BRDA:87,19,0,0
BRDA:87,20,0,0
BRDA:87,20,1,0
BRDA:95,21,0,0
BRDA:107,22,0,0
BRDA:109,23,0,0
BRDA:111,24,0,0
BRDA:111,24,1,0
BRDA:119,25,0,0
BRDA:119,26,0,0
BRDA:119,26,1,0
BRDA:127,27,0,0
BRDA:130,28,0,0
BRDA:130,29,0,0
BRDA:130,29,1,0
BRF:45
BRH:0
end_of_record
TN:
SF:src/utils/rls-smoke-tests.ts
FN:12,(anonymous_7)
FN:12,(anonymous_8)
FN:18,(anonymous_9)
FN:22,(anonymous_10)
FN:26,(anonymous_11)
FN:46,(anonymous_12)
FN:46,(anonymous_13)
FN:52,(anonymous_14)
FN:56,(anonymous_15)
FN:60,(anonymous_16)
FN:80,(anonymous_17)
FN:80,(anonymous_18)
FN:153,(anonymous_19)
FN:153,(anonymous_20)
FN:185,(anonymous_21)
FN:185,(anonymous_22)
FNF:16
FNH:0
FNDA:0,(anonymous_7)
FNDA:0,(anonymous_8)
FNDA:0,(anonymous_9)
FNDA:0,(anonymous_10)
FNDA:0,(anonymous_11)
FNDA:0,(anonymous_12)
FNDA:0,(anonymous_13)
FNDA:0,(anonymous_14)
FNDA:0,(anonymous_15)
FNDA:0,(anonymous_16)
FNDA:0,(anonymous_17)
FNDA:0,(anonymous_18)
FNDA:0,(anonymous_19)
FNDA:0,(anonymous_20)
FNDA:0,(anonymous_21)
FNDA:0,(anonymous_22)
DA:12,0
DA:13,0
DA:15,0
DA:18,0
DA:22,0
DA:26,0
DA:30,0
DA:31,0
DA:32,0
DA:34,0
DA:35,0
DA:37,0
DA:40,0
DA:46,0
DA:47,0
DA:49,0
DA:52,0
DA:56,0
DA:60,0
DA:64,0
DA:65,0
DA:66,0
DA:68,0
DA:69,0
DA:71,0
DA:74,0
DA:80,0
DA:81,0
DA:83,0
DA:85,0
DA:86,0
DA:87,0
DA:90,0
DA:92,0
DA:99,0
DA:100,0
DA:101,0
DA:104,0
DA:105,0
DA:106,0
DA:109,0
DA:110,0
DA:113,0
DA:126,0
DA:127,0
DA:129,0
DA:132,0
DA:141,0
DA:142,0
DA:144,0
DA:148,0
DA:153,0
DA:154,0
DA:156,0
DA:157,0
DA:170,0
DA:171,0
DA:173,0
DA:174,0
DA:175,0
DA:176,0
DA:180,0
DA:185,0
DA:186,0
DA:188,0
DA:189,0
DA:191,0
DA:192,0
DA:194,0
DA:195,0
DA:197,0
DA:199,0
DA:200,0
DA:204,0
DA:206,0
DA:214,0
DA:215,0
DA:216,0
DA:217,0
DA:218,0
DA:219,0
LF:81
LH:0
BRDA:34,0,0,0
BRDA:34,0,1,0
BRDA:37,1,0,0
BRDA:37,1,1,0
BRDA:37,2,0,0
BRDA:37,2,1,0
BRDA:37,3,0,0
BRDA:37,3,1,0
BRDA:68,4,0,0
BRDA:68,4,1,0
BRDA:71,5,0,0
BRDA:71,5,1,0
BRDA:71,6,0,0
BRDA:71,6,1,0
BRDA:71,7,0,0
BRDA:71,7,1,0
BRDA:85,8,0,0
BRDA:99,9,0,0
BRDA:104,10,0,0
BRDA:104,11,0,0
BRDA:104,11,1,0
BRDA:126,12,0,0
BRDA:126,12,1,0
BRDA:141,13,0,0
BRDA:141,13,1,0
BRDA:170,14,0,0
BRDA:170,14,1,0
BRDA:173,15,0,0
BRDA:173,15,1,0
BRDA:173,16,0,0
BRDA:173,16,1,0
BRDA:173,17,0,0
BRDA:173,17,1,0
BRDA:174,18,0,0
BRDA:174,19,0,0
BRDA:174,19,1,0
BRDA:176,20,0,0
BRDA:176,20,1,0
BRDA:176,21,0,0
BRDA:176,21,1,0
BRDA:176,22,0,0
BRDA:176,22,1,0
BRDA:204,23,0,0
BRF:43
BRH:0
end_of_record
TN:
SF:src/utils/security.ts
FN:5,(anonymous_7)
FN:19,(anonymous_8)
FN:40,(anonymous_9)
FN:48,(anonymous_10)
FN:51,(anonymous_11)
FN:62,(anonymous_12)
FN:65,(anonymous_13)
FN:68,(anonymous_14)
FN:72,(anonymous_15)
FN:76,(anonymous_16)
FN:85,(anonymous_17)
FN:90,(anonymous_18)
FN:97,(anonymous_19)
FN:107,(anonymous_20)
FN:119,(anonymous_21)
FN:129,(anonymous_22)
FN:132,(anonymous_23)
FN:137,(anonymous_24)
FN:148,(anonymous_25)
FN:157,(anonymous_26)
FN:157,(anonymous_27)
FNF:21
FNH:0
FNDA:0,(anonymous_7)
FNDA:0,(anonymous_8)
FNDA:0,(anonymous_9)
FNDA:0,(anonymous_10)
FNDA:0,(anonymous_11)
FNDA:0,(anonymous_12)
FNDA:0,(anonymous_13)
FNDA:0,(anonymous_14)
FNDA:0,(anonymous_15)
FNDA:0,(anonymous_16)
FNDA:0,(anonymous_17)
FNDA:0,(anonymous_18)
FNDA:0,(anonymous_19)
FNDA:0,(anonymous_20)
FNDA:0,(anonymous_21)
FNDA:0,(anonymous_22)
FNDA:0,(anonymous_23)
FNDA:0,(anonymous_24)
FNDA:0,(anonymous_25)
FNDA:0,(anonymous_26)
FNDA:0,(anonymous_27)
DA:4,0
DA:6,0
DA:12,0
DA:13,0
DA:15,0
DA:20,0
DA:21,0
DA:22,0
DA:24,0
DA:27,0
DA:28,0
DA:29,0
DA:32,0
DA:34,0
DA:35,0
DA:36,0
DA:41,0
DA:42,0
DA:44,0
DA:49,0
DA:50,0
DA:51,0
DA:52,0
DA:55,0
DA:61,0
DA:63,0
DA:64,0
DA:65,0
DA:69,0
DA:73,0
DA:77,0
DA:78,0
DA:83,0
DA:86,0
DA:91,0
DA:92,0
DA:93,0
DA:98,0
DA:99,0
DA:100,0
DA:102,0
DA:108,0
DA:109,0
DA:114,0
DA:119,0
DA:129,0
DA:130,0
DA:133,0
DA:134,0
DA:137,0
DA:139,0
DA:140,0
DA:143,0
DA:144,0
DA:145,0
DA:149,0
DA:154,0
DA:157,0
DA:158,0
DA:160,0
DA:167,0
LF:61
LH:0
BRDA:5,0,0,0
BRDA:22,1,0,0
BRDA:27,2,0,0
BRDA:78,3,0,0
BRDA:78,3,1,0
BRDA:109,4,0,0
BRDA:109,4,1,0
BRDA:132,5,0,0
BRDA:132,6,0,0
BRDA:134,7,0,0
BRDA:134,7,1,0
BRDA:139,8,0,0
BRDA:157,9,0,0
BRF:13
BRH:0
end_of_record
TN:
SF:src/utils/timeGreeting.ts
FN:2,getTimeBasedGreeting
FN:14,getGreetingEmoji
FNF:2
FNH:0
FNDA:0,getTimeBasedGreeting
FNDA:0,getGreetingEmoji
DA:2,0
DA:3,0
DA:5,0
DA:6,0
DA:7,0
DA:8,0
DA:10,0
DA:14,0
DA:15,0
DA:17,0
DA:18,0
DA:19,0
DA:20,0
DA:22,0
LF:14
LH:0
BRDA:5,0,0,0
BRDA:5,0,1,0
BRDA:5,1,0,0
BRDA:5,1,1,0
BRDA:7,2,0,0
BRDA:7,2,1,0
BRDA:7,3,0,0
BRDA:7,3,1,0
BRDA:17,4,0,0
BRDA:17,4,1,0
BRDA:17,5,0,0
BRDA:17,5,1,0
BRDA:19,6,0,0
BRDA:19,6,1,0
BRDA:19,7,0,0
BRDA:19,7,1,0
BRF:16
BRH:0
end_of_record
TN:
SF:src/utils/validation.ts
FN:38,(anonymous_0)
FN:40,(anonymous_1)
FN:91,(anonymous_2)
FN:97,(anonymous_3)
FN:105,(anonymous_4)
FN:108,(anonymous_5)
FN:127,(anonymous_6)
FNF:7
FNH:0
FNDA:0,(anonymous_0)
FNDA:0,(anonymous_1)
FNDA:0,(anonymous_2)
FNDA:0,(anonymous_3)
FNDA:0,(anonymous_4)
FNDA:0,(anonymous_5)
FNDA:0,(anonymous_6)
DA:1,0
DA:4,0
DA:40,0
DA:41,0
DA:48,0
DA:69,0
DA:91,0
DA:93,0
DA:97,0
DA:99,0
DA:100,0
DA:101,0
DA:105,0
DA:106,0
DA:108,0
DA:109,0
DA:112,0
DA:113,0
DA:117,0
DA:118,0
DA:119,0
DA:122,0
DA:127,0
DA:128,0
LF:24
LH:0
BRDA:41,0,0,0
BRDA:41,0,1,0
BRDA:100,1,0,0
BRDA:100,1,1,0
BRDA:101,2,0,0
BRDA:101,2,1,0
BRDA:112,3,0,0
BRDA:112,3,1,0
BRDA:117,4,0,0
BRF:9
BRH:0
end_of_record
